[2022-10-18 20:51:22] This is codeql database create chaos-mesh-build --language=python -s=/root/chaos-mesh/build
[2022-10-18 20:51:22] Log file was started late.
[2022-10-18 20:51:22] [PROGRESS] database create> Initializing database at /root/dev_compose/analysis/codeql/qldb/chaos-mesh-build.
[2022-10-18 20:51:22] Running plumbing command: codeql database init --language=python --source-root=/root/chaos-mesh/build --allow-missing-source-root=false --allow-already-existing -- /root/dev_compose/analysis/codeql/qldb/chaos-mesh-build
[2022-10-18 20:51:22] [PROGRESS] database init> Computing baseline information in /root/chaos-mesh/build
[2022-10-18 20:51:22] [PROGRESS] database init> Resolving extractor python.
[2022-10-18 20:51:22] Calling plumbing command: codeql resolve languages --format=json
[2022-10-18 20:51:22] [DETAILS] resolve languages> Scanning for [codeql-extractor.yml] from /usr/local/codeql/.codeqlmanifest.json
[2022-10-18 20:51:22] [DETAILS] resolve languages> Parsing /usr/local/codeql/ruby/codeql-extractor.yml.
[2022-10-18 20:51:22] [DETAILS] resolve languages> Parsing /usr/local/codeql/html/codeql-extractor.yml.
[2022-10-18 20:51:22] [DETAILS] resolve languages> Parsing /usr/local/codeql/go/codeql-extractor.yml.
[2022-10-18 20:51:22] [DETAILS] resolve languages> Parsing /usr/local/codeql/cpp/codeql-extractor.yml.
[2022-10-18 20:51:22] [DETAILS] resolve languages> Parsing /usr/local/codeql/java/codeql-extractor.yml.
[2022-10-18 20:51:22] [DETAILS] resolve languages> Parsing /usr/local/codeql/properties/codeql-extractor.yml.
[2022-10-18 20:51:22] [DETAILS] resolve languages> Parsing /usr/local/codeql/csv/codeql-extractor.yml.
[2022-10-18 20:51:22] [DETAILS] resolve languages> Parsing /usr/local/codeql/xml/codeql-extractor.yml.
[2022-10-18 20:51:22] [DETAILS] resolve languages> Parsing /usr/local/codeql/javascript/codeql-extractor.yml.
[2022-10-18 20:51:22] [DETAILS] resolve languages> Parsing /usr/local/codeql/python/codeql-extractor.yml.
[2022-10-18 20:51:22] [DETAILS] resolve languages> Parsing /usr/local/codeql/csharp/codeql-extractor.yml.
[2022-10-18 20:51:22] Plumbing command codeql resolve languages completed:
                      {
                        "extractors" : {
                          "ruby" : [
                            {
                              "extractor_root" : "/usr/local/codeql/ruby"
                            }
                          ],
                          "html" : [
                            {
                              "extractor_root" : "/usr/local/codeql/html"
                            }
                          ],
                          "go" : [
                            {
                              "extractor_root" : "/usr/local/codeql/go"
                            }
                          ],
                          "cpp" : [
                            {
                              "extractor_root" : "/usr/local/codeql/cpp"
                            }
                          ],
                          "java" : [
                            {
                              "extractor_root" : "/usr/local/codeql/java",
                              "extractor_options" : {
                                "exclude" : {
                                  "title" : "A glob excluding files from analysis.",
                                  "description" : "A glob indicating what files to exclude from the analysis.\n",
                                  "type" : "string"
                                }
                              }
                            }
                          ],
                          "properties" : [
                            {
                              "extractor_root" : "/usr/local/codeql/properties"
                            }
                          ],
                          "csv" : [
                            {
                              "extractor_root" : "/usr/local/codeql/csv"
                            }
                          ],
                          "xml" : [
                            {
                              "extractor_root" : "/usr/local/codeql/xml"
                            }
                          ],
                          "javascript" : [
                            {
                              "extractor_root" : "/usr/local/codeql/javascript",
                              "extractor_options" : { }
                            }
                          ],
                          "python" : [
                            {
                              "extractor_root" : "/usr/local/codeql/python"
                            }
                          ],
                          "csharp" : [
                            {
                              "extractor_root" : "/usr/local/codeql/csharp",
                              "extractor_options" : {
                                "trap" : {
                                  "title" : "Options pertaining to TRAP.",
                                  "description" : "Options pertaining to TRAP.",
                                  "type" : "object",
                                  "properties" : {
                                    "compression" : {
                                      "title" : "Controls compression for the TRAP files written by the extractor.",
                                      "description" : "This option is only intended for use in debugging the extractor. Accepted values are 'brotli' (the default, to write brotli-compressed TRAP), 'gzip', and 'none' (to write uncompressed TRAP).\n",
                                      "type" : "string",
                                      "pattern" : "^(none|gzip|brotli)$"
                                    }
                                  }
                                },
                                "buildless" : {
                                  "title" : "Whether to use buildless (standalone) extraction.",
                                  "description" : "A value indicating, which type of extraction the autobuilder should perform. If 'true', then the standalone extractor will be used, otherwise tracing extraction will be performed. The default is 'false'. Note that buildless extraction will generally yield less accurate analysis results, and should only be used in cases where it is not possible to build the code (for example if it uses inaccessible dependencies).\n",
                                  "type" : "string",
                                  "pattern" : "^(false|true)$"
                                },
                                "cil" : {
                                  "title" : "Whether to enable CIL extraction.",
                                  "description" : "A value indicating, whether CIL extraction should be enabled. The default is 'true'.\n",
                                  "type" : "string",
                                  "pattern" : "^(false|true)$"
                                }
                              }
                            }
                          ]
                        }
                      }
[2022-10-18 20:51:22] [DETAILS] database init> Found candidate extractor root for python: /usr/local/codeql/python.
[2022-10-18 20:51:22] [PROGRESS] database init> Successfully loaded extractor Python (python) from /usr/local/codeql/python.
[2022-10-18 20:51:22] [PROGRESS] database init> Created skeleton CodeQL database at /root/dev_compose/analysis/codeql/qldb/chaos-mesh-build. This in-progress database is ready to be populated by an extractor.
[2022-10-18 20:51:22] Plumbing command codeql database init completed.
[2022-10-18 20:51:22] [PROGRESS] database create> Running build command: []
[2022-10-18 20:51:22] Running plumbing command: codeql database trace-command --working-dir=/root/chaos-mesh/build --index-traceless-dbs --no-db-cluster -- /root/dev_compose/analysis/codeql/qldb/chaos-mesh-build
[2022-10-18 20:51:22] Using autobuild script /usr/local/codeql/python/tools/autobuild.sh.
[2022-10-18 20:51:22] [PROGRESS] database trace-command> Running command in /root/chaos-mesh/build: [/usr/local/codeql/python/tools/autobuild.sh]
[2022-10-18 20:51:22] [build-stderr] /bin/sh: 1: python2: not found
[2022-10-18 20:51:22] [build-stdout] No directories containing root identifiers were found. Returning working directory as root.
[2022-10-18 20:51:22] [build-stdout] Will try to guess Python version, as it was not specified in `lgtm.yml`
[2022-10-18 20:51:22] [build-stdout] Trying to guess Python version based on Trove classifiers in setup.py
[2022-10-18 20:51:22] [build-stdout] Did not find setup.py (expected it to be at /root/chaos-mesh/build/setup.py)
[2022-10-18 20:51:22] [build-stdout] Trying to guess Python version based on travis file
[2022-10-18 20:51:22] [build-stdout] Did not find any travis files (expected them at either ['/root/chaos-mesh/build/.travis.yml', '/root/chaos-mesh/build/travis.yml'])
[2022-10-18 20:51:22] [build-stdout] Trying to guess Python version based on installed versions
[2022-10-18 20:51:22] [build-stdout] Only Python 3 installed -- will use that version
[2022-10-18 20:51:22] [build-stdout] Calling python3 /usr/local/codeql/python/tools/get_venv_lib.py
[2022-10-18 20:51:22] [build-stdout] Calling python3 -S /usr/local/codeql/python/tools/python_tracer.py -v -z all -c /root/dev_compose/analysis/codeql/qldb/chaos-mesh-build/working/trap_cache -p /usr/local/lib/python3.8/dist-packages -R /root/chaos-mesh/build
[2022-10-18 20:51:23] [build-stdout] [INFO] Extraction will use the Python 3 standard library.
[2022-10-18 20:51:23] [build-stdout] [INFO] sys_path is: ['/usr/local/codeql/python/tools', '/usr/lib/python38.zip', '/usr/lib/python3.8', '/usr/lib/python3.8/lib-dynload']
[2022-10-18 20:51:23] [build-stdout] [INFO] Python version 3.8.2
[2022-10-18 20:51:23] [build-stdout] [INFO] Python extractor version 5.28
[2022-10-18 20:51:23] [build-stdout] [INFO] [3] Extracted file /root/chaos-mesh/build/common.py in 5ms
[2022-10-18 20:51:23] [build-stdout] [INFO] [2] Extracted file /root/chaos-mesh/build/utils.py in 12ms
[2022-10-18 20:51:23] [build-stdout] [INFO] [4] Extracted module sys in 0ms
[2022-10-18 20:51:23] [build-stdout] [INFO] [5] Extracted file /root/chaos-mesh/build/build_image.py in 45ms
[2022-10-18 20:51:23] [build-stdout] [INFO] [1] Extracted file /root/chaos-mesh/build/get_env_shell.py in 47ms
[2022-10-18 20:51:23] [build-stdout] [INFO] [6] Extracted file /usr/lib/python3.8/os.py in 330ms
[2022-10-18 20:51:23] [build-stdout] [INFO] [6] Extracted module posix in 12ms
[2022-10-18 20:51:23] [build-stdout] [INFO] [2] Extracted file /usr/lib/python3.8/stat.py in 79ms
[2022-10-18 20:51:23] [build-stdout] [INFO] [2] Extracted file /usr/lib/python3.8/abc.py in 51ms
[2022-10-18 20:51:23] [build-stdout] [INFO] [2] Extracted file /usr/lib/python3.8/io.py in 20ms
[2022-10-18 20:51:23] [build-stdout] [INFO] [2] Extracted module _stat in 3ms
[2022-10-18 20:51:23] [build-stdout] [INFO] [2] Extracted file /usr/lib/python3.8/_py_abc.py in 50ms
[2022-10-18 20:51:23] [build-stdout] [INFO] [2] Extracted module _abc in 3ms
[2022-10-18 20:51:23] [build-stdout] [INFO] [2] Extracted module _io in 9ms
[2022-10-18 20:51:23] [build-stdout] [INFO] [5] Extracted file /usr/lib/python3.8/posixpath.py in 226ms
[2022-10-18 20:51:23] [build-stdout] [INFO] [6] Extracted file /usr/lib/python3.8/warnings.py in 214ms
[2022-10-18 20:51:23] [build-stdout] [INFO] [5] Extracted module pwd in 3ms
[2022-10-18 20:51:23] [build-stdout] [INFO] [5] Extracted file /usr/lib/python3.8/genericpath.py in 45ms
[2022-10-18 20:51:23] [build-stdout] [INFO] [5] Extracted module builtins in 0ms
[2022-10-18 20:51:23] [build-stdout] [INFO] [5] Extracted module _warnings in 4ms
[2022-10-18 20:51:23] [build-stdout] [INFO] [6] Extracted file /usr/lib/python3.8/re.py in 93ms
[2022-10-18 20:51:23] [build-stdout] [INFO] [5] Extracted file /usr/lib/python3.8/linecache.py in 47ms
[2022-10-18 20:51:23] [build-stdout] [INFO] [2] Extracted file /usr/lib/python3.8/_weakrefset.py in 114ms
[2022-10-18 20:51:23] [build-stdout] [INFO] [8] Extracted file /usr/lib/python3.8/pathlib.py in 649ms
[2022-10-18 20:51:23] [build-stdout] [INFO] [1] Extracted file /usr/lib/python3.8/ntpath.py in 373ms
[2022-10-18 20:51:23] [build-stdout] [INFO] [4] Extracted file /usr/lib/python3.8/_collections_abc.py in 391ms
[2022-10-18 20:51:23] [build-stdout] [INFO] [7] Extracted file /usr/lib/python3.8/subprocess.py in 699ms
[2022-10-18 20:51:23] [build-stdout] [INFO] [7] Extracted module _locale in 4ms
[2022-10-18 20:51:24] [build-stdout] [INFO] [7] Extracted file /usr/lib/python3.8/copyreg.py in 62ms
[2022-10-18 20:51:24] [build-stdout] [INFO] [5] Extracted file /usr/lib/python3.8/traceback.py in 194ms
[2022-10-18 20:51:24] [build-stdout] [INFO] [5] Extracted module _weakref in 7ms
[2022-10-18 20:51:24] [build-stdout] [INFO] [5] Extracted file /usr/lib/python3.8/urllib/__init__.py in 3ms
[2022-10-18 20:51:24] [build-stdout] [INFO] [6] Extracted file /usr/lib/python3.8/tracemalloc.py in 287ms
[2022-10-18 20:51:24] [build-stdout] [INFO] [5] Extracted file /usr/lib/python3.8/fnmatch.py in 79ms
[2022-10-18 20:51:24] [build-stdout] [INFO] [5] Extracted folder /usr/lib/python3.8/urllib in 1ms
[2022-10-18 20:51:24] [build-stdout] [INFO] [5] Extracted module errno in 7ms
[2022-10-18 20:51:24] [build-stdout] [INFO] [3] Extracted file /usr/lib/python3.8/argparse.py in 954ms
[2022-10-18 20:51:24] [build-stdout] [INFO] [8] Extracted file /usr/lib/python3.8/enum.py in 341ms
[2022-10-18 20:51:24] [build-stdout] [INFO] [8] Extracted module time in 3ms
[2022-10-18 20:51:24] [build-stdout] [INFO] [3] Extracted file /usr/lib/python3.8/string.py in 89ms
[2022-10-18 20:51:24] [build-stdout] [INFO] [1] Extracted file /usr/lib/python3.8/functools.py in 375ms
[2022-10-18 20:51:24] [build-stdout] [INFO] [1] Extracted module _posixsubprocess in 3ms
[2022-10-18 20:51:24] [build-stdout] [INFO] [1] Extracted module select in 4ms
[2022-10-18 20:51:24] [build-stdout] [INFO] [1] Extracted file /usr/lib/python3.8/signal.py in 31ms
[2022-10-18 20:51:24] [build-stdout] [INFO] [6] Extracted file /usr/lib/python3.8/operator.py in 207ms
[2022-10-18 20:51:24] [build-stdout] [INFO] [6] Extracted module itertools in 5ms
[2022-10-18 20:51:24] [build-stdout] [INFO] [4] Extracted file /usr/lib/python3.8/sre_compile.py in 458ms
[2022-10-18 20:51:24] [build-stdout] [INFO] [4] Extracted folder /usr/lib/python3.8/collections in 1ms
[2022-10-18 20:51:24] [build-stdout] [INFO] [4] Extracted module _tracemalloc in 3ms
[2022-10-18 20:51:24] [build-stdout] [INFO] [4] Extracted file /usr/lib/python3.8/collections/abc.py in 3ms
[2022-10-18 20:51:24] [build-stdout] [INFO] [7] Extracted file /usr/lib/python3.8/tokenize.py in 406ms
[2022-10-18 20:51:24] [build-stdout] [INFO] [3] Extracted file /usr/lib/python3.8/contextlib.py in 179ms
[2022-10-18 20:51:24] [build-stdout] [INFO] [2] Extracted file /usr/lib/python3.8/sre_parse.py in 758ms
[2022-10-18 20:51:24] [build-stdout] [INFO] [7] Extracted file /usr/lib/python3.8/copy.py in 222ms
[2022-10-18 20:51:24] [build-stdout] [INFO] [7] Extracted module _string in 5ms
[2022-10-18 20:51:24] [build-stdout] [INFO] [1] Extracted file /usr/lib/python3.8/selectors.py in 318ms
[2022-10-18 20:51:24] [build-stdout] [INFO] [8] Extracted file /usr/lib/python3.8/threading.py in 472ms
[2022-10-18 20:51:24] [build-stdout] [INFO] [2] Extracted file /usr/lib/python3.8/types.py in 99ms
[2022-10-18 20:51:24] [build-stdout] [INFO] [2] Extracted module _functools in 3ms
[2022-10-18 20:51:24] [build-stdout] [INFO] [2] Extracted module _signal in 4ms
[2022-10-18 20:51:24] [build-stdout] [INFO] [2] Extracted module _thread in 3ms
[2022-10-18 20:51:24] [build-stdout] [INFO] [2] Extracted module _operator in 4ms
[2022-10-18 20:51:24] [build-stdout] [INFO] [3] Extracted file /usr/lib/python3.8/gettext.py in 307ms
[2022-10-18 20:51:24] [build-stdout] [INFO] [1] Extracted file /usr/lib/python3.8/reprlib.py in 125ms
[2022-10-18 20:51:24] [build-stdout] [INFO] [3] Extracted module _sre in 4ms
[2022-10-18 20:51:24] [build-stdout] [INFO] [2] Extracted file /usr/lib/python3.8/sre_constants.py in 51ms
[2022-10-18 20:51:24] [build-stdout] [INFO] [2] Extracted module unicodedata in 3ms
[2022-10-18 20:51:24] [build-stdout] [INFO] [2] Extracted module math in 3ms
[2022-10-18 20:51:24] [build-stdout] [INFO] [5] Extracted file /usr/lib/python3.8/urllib/parse.py in 654ms
[2022-10-18 20:51:24] [build-stdout] [INFO] [5] Extracted module _collections in 7ms
[2022-10-18 20:51:24] [build-stdout] [INFO] [1] Extracted file /usr/lib/python3.8/token.py in 62ms
[2022-10-18 20:51:24] [build-stdout] [INFO] [2] Extracted file /usr/lib/python3.8/_threading_local.py in 38ms
[2022-10-18 20:51:24] [build-stdout] [INFO] [6] Extracted file /usr/lib/python3.8/collections/__init__.py in 529ms
[2022-10-18 20:51:24] [build-stdout] [INFO] [2] Extracted file /usr/lib/python3.8/keyword.py in 8ms
[2022-10-18 20:51:25] [build-stdout] [INFO] [1] Extracted file /usr/lib/python3.8/heapq.py in 133ms
[2022-10-18 20:51:25] [build-stdout] [INFO] [7] Extracted file /usr/lib/python3.8/weakref.py in 384ms
[2022-10-18 20:51:25] [build-stdout] [INFO] [6] Extracted module _heapq in 3ms
[2022-10-18 20:51:25] [build-stdout] [INFO] [3] Extracted file /usr/lib/python3.8/codecs.py in 452ms
[2022-10-18 20:51:25] [build-stdout] [INFO] [1] Extracted folder /usr/lib/python3.8/encodings in 1ms
[2022-10-18 20:51:25] [build-stdout] [INFO] [2] Extracted module _codecs in 3ms
[2022-10-18 20:51:25] [build-stdout] [INFO] [6] Extracted file /usr/lib/python3.8/encodings/__init__.py in 54ms
[2022-10-18 20:51:25] [build-stdout] [INFO] [3] Extracted file /usr/lib/python3.8/encodings/mbcs.py in 12ms
[2022-10-18 20:51:25] [build-stdout] [INFO] [4] Extracted file /usr/lib/python3.8/pickle.py in 903ms
[2022-10-18 20:51:25] [build-stdout] [INFO] [3] Extracted module _pickle in 4ms
[2022-10-18 20:51:25] [build-stdout] [INFO] [4] Extracted file /usr/lib/python3.8/struct.py in 5ms
[2022-10-18 20:51:25] [build-stdout] [INFO] [3] Extracted module _struct in 4ms
[2022-10-18 20:51:25] [build-stdout] [INFO] [8] Extracted file /usr/lib/python3.8/typing.py in 622ms
[2022-10-18 20:51:25] [build-stdout] [INFO] [1] Extracted file /usr/lib/python3.8/encodings/aliases.py in 84ms
[2022-10-18 20:51:25] [build-stdout] [INFO] [5] Extracted file /usr/lib/python3.8/locale.py in 551ms
[2022-10-18 20:51:25] [build-stdout] [INFO] [6] Extracted file /usr/lib/python3.8/_compat_pickle.py in 89ms
[2022-10-18 20:51:25] [build-stdout] [INFO] [4] Extracted file /usr/lib/python3.8/_bootlocale.py in 13ms
[2022-10-18 20:51:25] [build-stdout] [INFO] [2] Extracted file /usr/lib/python3.8/pprint.py in 292ms
[2022-10-18 20:51:25] [build-stdout] [INFO] [7] Extracted file /usr/lib/python3.8/doctest.py in 661ms
[2022-10-18 20:51:25] [build-stdout] [INFO] [1] Extracted folder /usr/lib/python3.8/unittest in 0ms
[2022-10-18 20:51:25] [build-stdout] [INFO] [4] Extracted file /usr/lib/python3.8/unittest/__init__.py in 15ms
[2022-10-18 20:51:25] [build-stdout] [INFO] [3] Extracted file /usr/lib/python3.8/__future__.py in 30ms
[2022-10-18 20:51:25] [build-stdout] [INFO] [7] Extracted file /usr/lib/python3.8/unittest/signals.py in 28ms
[2022-10-18 20:51:25] [build-stdout] [INFO] [1] Extracted file /usr/lib/python3.8/unittest/result.py in 81ms
[2022-10-18 20:51:25] [build-stdout] [INFO] [3] Extracted file /usr/lib/python3.8/unittest/async_case.py in 75ms
[2022-10-18 20:51:25] [build-stdout] [INFO] [4] Extracted file /usr/lib/python3.8/unittest/runner.py in 94ms
[2022-10-18 20:51:25] [build-stdout] [INFO] [7] Extracted file /usr/lib/python3.8/unittest/main.py in 104ms
[2022-10-18 20:51:25] [build-stdout] [INFO] [7] Extracted folder /usr/lib/python3.8/asyncio in 0ms
[2022-10-18 20:51:25] [build-stdout] [INFO] [7] Extracted file /usr/lib/python3.8/asyncio/__init__.py in 10ms
[2022-10-18 20:51:25] [build-stdout] [INFO] [4] Extracted file /usr/lib/python3.8/unittest/util.py in 67ms
[2022-10-18 20:51:25] [build-stdout] [INFO] [7] Extracted file /usr/lib/python3.8/asyncio/runners.py in 18ms
[2022-10-18 20:51:25] [build-stdout] [INFO] [7] Extracted file /usr/lib/python3.8/asyncio/exceptions.py in 16ms
[2022-10-18 20:51:25] [build-stdout] [INFO] [2] Extracted file /usr/lib/python3.8/unittest/suite.py in 189ms
[2022-10-18 20:51:25] [build-stdout] [INFO] [4] Extracted file /usr/lib/python3.8/asyncio/queues.py in 69ms
[2022-10-18 20:51:26] [build-stdout] [INFO] [1] Extracted file /usr/lib/python3.8/unittest/loader.py in 210ms
[2022-10-18 20:51:26] [build-stdout] [INFO] [4] Extracted file /usr/lib/python3.8/asyncio/subprocess.py in 97ms
[2022-10-18 20:51:26] [build-stdout] [INFO] [2] Extracted file /usr/lib/python3.8/asyncio/coroutines.py in 147ms
[2022-10-18 20:51:26] [build-stdout] [INFO] [7] Extracted file /usr/lib/python3.8/asyncio/events.py in 203ms
[2022-10-18 20:51:26] [build-stdout] [INFO] [7] Extracted file /usr/lib/python3.8/asyncio/transports.py in 68ms
[2022-10-18 20:51:26] [build-stdout] [INFO] [4] Extracted file /usr/lib/python3.8/asyncio/locks.py in 133ms
[2022-10-18 20:51:26] [build-stdout] [INFO] [8] Extracted file /usr/lib/python3.8/difflib.py in 501ms
[2022-10-18 20:51:26] [build-stdout] [INFO] [7] Extracted file /usr/lib/python3.8/asyncio/protocols.py in 30ms
[2022-10-18 20:51:26] [build-stdout] [INFO] [1] Extracted file /usr/lib/python3.8/asyncio/streams.py in 203ms
[2022-10-18 20:51:26] [build-stdout] [INFO] [6] Extracted file /usr/lib/python3.8/pdb.py in 576ms
[2022-10-18 20:51:26] [build-stdout] [INFO] [6] Extracted file /usr/lib/python3.8/asyncio/log.py in 4ms
[2022-10-18 20:51:26] [build-stdout] [INFO] [6] Extracted file /usr/lib/python3.8/asyncio/constants.py in 5ms
[2022-10-18 20:51:26] [build-stdout] [INFO] [6] Extracted file /usr/lib/python3.8/asyncio/base_futures.py in 22ms
[2022-10-18 20:51:26] [build-stdout] [INFO] [1] Extracted file /usr/lib/python3.8/asyncio/futures.py in 106ms
[2022-10-18 20:51:26] [build-stdout] [INFO] [1] Extracted file /usr/lib/python3.8/contextvars.py in 4ms
[2022-10-18 20:51:26] [build-stdout] [INFO] [6] Extracted file /usr/lib/python3.8/asyncio/format_helpers.py in 30ms
[2022-10-18 20:51:26] [build-stdout] [INFO] [1] Extracted module _asyncio in 17ms
[2022-10-18 20:51:26] [build-stdout] [INFO] [4] Extracted file /usr/lib/python3.8/asyncio/windows_events.py in 304ms
[2022-10-18 20:51:26] [build-stdout] [INFO] [2] Extracted file /usr/lib/python3.8/asyncio/tasks.py in 443ms
[2022-10-18 20:51:26] [build-stdout] [INFO] [1] Extracted file /usr/lib/python3.8/dis.py in 211ms
[2022-10-18 20:51:26] [build-stdout] [INFO] [4] Extracted file /usr/lib/python3.8/code.py in 68ms
[2022-10-18 20:51:26] [build-stdout] [INFO] [1] Extracted file /usr/lib/python3.8/glob.py in 56ms
[2022-10-18 20:51:26] [build-stdout] [INFO] [2] Extracted file /usr/lib/python3.8/getopt.py in 129ms
[2022-10-18 20:51:26] [build-stdout] [INFO] [6] Extracted file /usr/lib/python3.8/socket.py in 338ms
[2022-10-18 20:51:26] [build-stdout] [INFO] [5] Extracted file /usr/lib/python3.8/inspect.py in 1030ms
[2022-10-18 20:51:26] [build-stdout] [INFO] [7] Extracted file /usr/lib/python3.8/asyncio/unix_events.py in 529ms
[2022-10-18 20:51:26] [build-stdout] [INFO] [5] Extracted folder /usr/lib/python3.8/logging in 0ms
[2022-10-18 20:51:26] [build-stdout] [INFO] [3] Extracted file /usr/lib/python3.8/unittest/case.py in 926ms
[2022-10-18 20:51:26] [build-stdout] [INFO] [7] Extracted folder /usr/lib/python3.8/concurrent/futures in 0ms
[2022-10-18 20:51:26] [build-stdout] [INFO] [5] Extracted folder /usr/lib/python3.8/concurrent in 1ms
[2022-10-18 20:51:26] [build-stdout] [INFO] [7] Extracted file /usr/lib/python3.8/concurrent/__init__.py in 4ms
[2022-10-18 20:51:26] [build-stdout] [INFO] [5] Extracted module _contextvars in 5ms
[2022-10-18 20:51:26] [build-stdout] [INFO] [3] Extracted file /usr/lib/python3.8/concurrent/futures/__init__.py in 20ms
[2022-10-18 20:51:26] [build-stdout] [INFO] [2] Extracted file /usr/lib/python3.8/cmd.py in 180ms
[2022-10-18 20:51:26] [build-stdout] [INFO] [7] Extracted file /usr/lib/python3.8/asyncio/base_subprocess.py in 119ms
[2022-10-18 20:51:26] [build-stdout] [INFO] [3] Extracted file /usr/lib/python3.8/asyncio/windows_utils.py in 105ms
[2022-10-18 20:51:26] [build-stdout] [INFO] [3] Extracted file /usr/lib/python3.8/codeop.py in 30ms
[2022-10-18 20:51:26] [build-stdout] [INFO] [7] Extracted file /usr/lib/python3.8/asyncio/base_tasks.py in 32ms
[2022-10-18 20:51:26] [build-stdout] [INFO] [3] Extracted module readline in 4ms
[2022-10-18 20:51:26] [build-stdout] [INFO] [3] Extracted module _socket in 6ms
[2022-10-18 20:51:26] [build-stdout] [INFO] [3] Extracted folder /usr/lib/python3.8/importlib in 0ms
[2022-10-18 20:51:26] [build-stdout] [INFO] [3] Extracted file /usr/lib/python3.8/importlib/machinery.py in 7ms
[2022-10-18 20:51:26] [build-stdout] [INFO] [1] Extracted file /usr/lib/python3.8/bdb.py in 300ms
[2022-10-18 20:51:26] [build-stdout] [INFO] [8] Extracted file /usr/lib/python3.8/asyncio/base_events.py in 717ms
[2022-10-18 20:51:26] [build-stdout] [INFO] [1] Extracted file /usr/lib/python3.8/importlib/__init__.py in 45ms
[2022-10-18 20:51:26] [build-stdout] [INFO] [7] Extracted file /usr/lib/python3.8/opcode.py in 105ms
[2022-10-18 20:51:27] [build-stdout] [INFO] [5] Extracted file /usr/lib/python3.8/asyncio/proactor_events.py in 332ms
[2022-10-18 20:51:27] [build-stdout] [INFO] [3] Extracted file /usr/lib/python3.8/ast.py in 165ms
[2022-10-18 20:51:27] [build-stdout] [INFO] [3] Extracted module _imp in 3ms
[2022-10-18 20:51:27] [build-stdout] [INFO] [7] Extracted file /usr/lib/python3.8/concurrent/futures/thread.py in 84ms
[2022-10-18 20:51:27] [build-stdout] [INFO] [1] Extracted file /usr/lib/python3.8/concurrent/futures/_base.py in 188ms
[2022-10-18 20:51:27] [build-stdout] [INFO] [8] Extracted file /usr/lib/python3.8/concurrent/futures/process.py in 235ms
[2022-10-18 20:51:27] [build-stdout] [INFO] [2] Extracted file /usr/lib/python3.8/asyncio/selector_events.py in 448ms
[2022-10-18 20:51:27] [build-stdout] [INFO] [5] Extracted file /usr/lib/python3.8/tempfile.py in 277ms
[2022-10-18 20:51:27] [build-stdout] [INFO] [2] Extracted file /usr/lib/python3.8/asyncio/trsock.py in 92ms
[2022-10-18 20:51:27] [build-stdout] [INFO] [2] Extracted module _opcode in 3ms
[2022-10-18 20:51:27] [build-stdout] [INFO] [6] Extracted file /usr/lib/python3.8/logging/__init__.py in 677ms
[2022-10-18 20:51:27] [build-stdout] [INFO] [6] Extracted module atexit in 4ms
[2022-10-18 20:51:27] [build-stdout] [INFO] [2] Extracted module _ast in 12ms
[2022-10-18 20:51:27] [build-stdout] [INFO] [8] Extracted file /usr/lib/python3.8/asyncio/sslproto.py in 218ms
[2022-10-18 20:51:27] [build-stdout] [INFO] [8] Extracted folder /usr/lib/python3.8/multiprocessing in 0ms
[2022-10-18 20:51:27] [build-stdout] [INFO] [5] Extracted file /usr/lib/python3.8/asyncio/staggered.py in 34ms
[2022-10-18 20:51:27] [build-stdout] [INFO] [5] Extracted file /usr/lib/python3.8/multiprocessing/__init__.py in 9ms
[2022-10-18 20:51:27] [build-stdout] [INFO] [6] Extracted file /usr/lib/python3.8/queue.py in 130ms
[2022-10-18 20:51:27] [build-stdout] [INFO] [3] Extracted file /usr/lib/python3.8/importlib/_bootstrap.py in 458ms
[2022-10-18 20:51:27] [build-stdout] [INFO] [2] Extracted file /usr/lib/python3.8/multiprocessing/queues.py in 201ms
[2022-10-18 20:51:27] [build-stdout] [INFO] [2] Extracted module _queue in 5ms
[2022-10-18 20:51:27] [build-stdout] [INFO] [2] Extracted module _multiprocessing in 6ms
[2022-10-18 20:51:27] [build-stdout] [INFO] [7] Extracted file /usr/lib/python3.8/importlib/_bootstrap_external.py in 547ms
[2022-10-18 20:51:27] [build-stdout] [INFO] [5] Extracted file /usr/lib/python3.8/random.py in 242ms
[2022-10-18 20:51:27] [build-stdout] [INFO] [1] Extracted file /usr/lib/python3.8/ssl.py in 501ms
[2022-10-18 20:51:27] [build-stdout] [INFO] [1] Extracted module _random in 3ms
[2022-10-18 20:51:27] [build-stdout] [INFO] [1] Extracted module _sha512 in 5ms
[2022-10-18 20:51:27] [build-stdout] [INFO] [7] Extracted file /usr/lib/python3.8/bisect.py in 34ms
[2022-10-18 20:51:27] [build-stdout] [INFO] [1] Extracted module _ssl in 14ms
[2022-10-18 20:51:27] [build-stdout] [INFO] [5] Extracted file /usr/lib/python3.8/hashlib.py in 72ms
[2022-10-18 20:51:27] [build-stdout] [INFO] [5] Extracted module _bisect in 3ms
[2022-10-18 20:51:27] [build-stdout] [INFO] [5] Extracted module _md5 in 3ms
[2022-10-18 20:51:27] [build-stdout] [INFO] [5] Extracted module _sha256 in 3ms
[2022-10-18 20:51:27] [build-stdout] [INFO] [3] Extracted file /usr/lib/python3.8/multiprocessing/context.py in 186ms
[2022-10-18 20:51:27] [build-stdout] [INFO] [5] Extracted module _blake2 in 3ms
[2022-10-18 20:51:27] [build-stdout] [INFO] [3] Extracted module _hashlib in 4ms
[2022-10-18 20:51:27] [build-stdout] [INFO] [3] Extracted module _sha1 in 3ms
[2022-10-18 20:51:27] [build-stdout] [INFO] [5] Extracted module _sha3 in 7ms
[2022-10-18 20:51:27] [build-stdout] [INFO] [2] Extracted file /usr/lib/python3.8/multiprocessing/util.py in 172ms
[2022-10-18 20:51:27] [build-stdout] [INFO] [8] Extracted file /usr/lib/python3.8/multiprocessing/connection.py in 401ms
[2022-10-18 20:51:27] [build-stdout] [INFO] [8] Extracted folder /usr/lib/python3.8/test/support in 0ms
[2022-10-18 20:51:27] [build-stdout] [INFO] [8] Extracted file /usr/lib/python3.8/test/__init__.py in 3ms
[2022-10-18 20:51:27] [build-stdout] [INFO] [5] Extracted file /usr/lib/python3.8/multiprocessing/reduction.py in 103ms
[2022-10-18 20:51:27] [build-stdout] [INFO] [5] Extracted folder /usr/lib/python3.8/test in 0ms
[2022-10-18 20:51:27] [build-stdout] [INFO] [3] Extracted file /usr/lib/python3.8/multiprocessing/process.py in 126ms
[2022-10-18 20:51:27] [build-stdout] [INFO] [3] Extracted file /usr/lib/python3.8/multiprocessing/resource_sharer.py in 61ms
[2022-10-18 20:51:27] [build-stdout] [INFO] [8] Extracted file /usr/lib/python3.8/multiprocessing/forkserver.py in 158ms
[2022-10-18 20:51:27] [build-stdout] [INFO] [8] Extracted file /usr/lib/python3.8/xmlrpc/__init__.py in 2ms
[2022-10-18 20:51:27] [build-stdout] [INFO] [5] Extracted file /usr/lib/python3.8/multiprocessing/resource_tracker.py in 123ms
[2022-10-18 20:51:27] [build-stdout] [INFO] [5] Extracted folder /usr/lib/python3.8/xmlrpc in 0ms
[2022-10-18 20:51:27] [build-stdout] [INFO] [5] Extracted module array in 5ms
[2022-10-18 20:51:27] [build-stdout] [INFO] [3] Extracted file /usr/lib/python3.8/hmac.py in 57ms
[2022-10-18 20:51:27] [build-stdout] [INFO] [3] Extracted module _posixshmem in 3ms
[2022-10-18 20:51:28] [build-stdout] [INFO] [1] Extracted file /usr/lib/python3.8/base64.py in 332ms
[2022-10-18 20:51:28] [build-stdout] [INFO] [3] Extracted module binascii in 3ms
[2022-10-18 20:51:28] [build-stdout] [INFO] [5] Extracted file /usr/lib/python3.8/multiprocessing/spawn.py in 103ms
[2022-10-18 20:51:28] [build-stdout] [INFO] [7] Extracted file /usr/lib/python3.8/calendar.py in 413ms
[2022-10-18 20:51:28] [build-stdout] [INFO] [4] Extracted file /usr/lib/python3.8/pydoc.py in 1551ms
[2022-10-18 20:51:28] [build-stdout] [INFO] [6] Extracted file /usr/lib/python3.8/shutil.py in 612ms
[2022-10-18 20:51:28] [build-stdout] [INFO] [7] Extracted file /usr/lib/python3.8/email/__init__.py in 14ms
[2022-10-18 20:51:28] [build-stdout] [INFO] [1] Extracted file /usr/lib/python3.8/runpy.py in 102ms
[2022-10-18 20:51:28] [build-stdout] [INFO] [1] Extracted module zlib in 3ms
[2022-10-18 20:51:28] [build-stdout] [INFO] [5] Extracted file /usr/lib/python3.8/importlib/util.py in 102ms
[2022-10-18 20:51:28] [build-stdout] [INFO] [6] Extracted file /usr/lib/python3.8/bz2.py in 112ms
[2022-10-18 20:51:28] [build-stdout] [INFO] [6] Extracted file /usr/lib/python3.8/tty.py in 26ms
[2022-10-18 20:51:28] [build-stdout] [INFO] [8] Extracted file /usr/lib/python3.8/xmlrpc/client.py in 518ms
[2022-10-18 20:51:28] [build-stdout] [INFO] [8] Extracted folder /usr/lib/python3.8/email in 2ms
[2022-10-18 20:51:28] [build-stdout] [INFO] [4] Extracted file /usr/lib/python3.8/email/message.py in 376ms
[2022-10-18 20:51:28] [build-stdout] [INFO] [1] Extracted file /usr/lib/python3.8/platform.py in 346ms
[2022-10-18 20:51:28] [build-stdout] [INFO] [1] Extracted folder /usr/lib/python3.8/http in 0ms
[2022-10-18 20:51:28] [build-stdout] [INFO] [4] Extracted file /usr/lib/python3.8/http/__init__.py in 60ms
[2022-10-18 20:51:28] [build-stdout] [INFO] [4] Extracted module grp in 3ms
[2022-10-18 20:51:28] [build-stdout] [INFO] [6] Extracted file /usr/lib/python3.8/sysconfig.py in 324ms
[2022-10-18 20:51:28] [build-stdout] [INFO] [6] Extracted file /usr/lib/python3.8/lzma.py in 82ms
[2022-10-18 20:51:28] [build-stdout] [INFO] [6] Extracted file /usr/lib/python3.8/email/parser.py in 31ms
[2022-10-18 20:51:28] [build-stdout] [INFO] [1] Extracted file /usr/lib/python3.8/pkgutil.py in 188ms
[2022-10-18 20:51:28] [build-stdout] [INFO] [1] Extracted module _bz2 in 4ms
[2022-10-18 20:51:28] [build-stdout] [INFO] [5] Extracted file /usr/lib/python3.8/http/server.py in 516ms
[2022-10-18 20:51:28] [build-stdout] [INFO] [5] Extracted module termios in 5ms
[2022-10-18 20:51:28] [build-stdout] [INFO] [5] Extracted folder /usr/lib/python3.8/xml/parsers in 0ms
[2022-10-18 20:51:28] [build-stdout] [INFO] [5] Extracted file /usr/lib/python3.8/xml/__init__.py in 3ms
[2022-10-18 20:51:28] [build-stdout] [INFO] [5] Extracted folder /usr/lib/python3.8/xml in 0ms
[2022-10-18 20:51:28] [build-stdout] [INFO] [5] Extracted file /usr/lib/python3.8/decimal.py in 8ms
[2022-10-18 20:51:28] [build-stdout] [INFO] [6] Extracted file /usr/lib/python3.8/importlib/abc.py in 77ms
[2022-10-18 20:51:28] [build-stdout] [INFO] [6] Extracted file /usr/lib/python3.8/xml/parsers/expat.py in 4ms
[2022-10-18 20:51:28] [build-stdout] [INFO] [2] Extracted file /usr/lib/python3.8/test/support/__init__.py in 1019ms
[2022-10-18 20:51:28] [build-stdout] [INFO] [1] Extracted file /usr/lib/python3.8/_compression.py in 55ms
[2022-10-18 20:51:28] [build-stdout] [INFO] [8] Extracted file /usr/lib/python3.8/webbrowser.py in 354ms
[2022-10-18 20:51:28] [build-stdout] [INFO] [6] Extracted file /usr/lib/python3.8/email/charset.py in 84ms
[2022-10-18 20:51:28] [build-stdout] [INFO] [6] Extracted file /usr/lib/python3.8/xml/parsers/__init__.py in 2ms
[2022-10-18 20:51:28] [build-stdout] [INFO] [1] Extracted file /usr/lib/python3.8/quopri.py in 99ms
[2022-10-18 20:51:28] [build-stdout] [INFO] [6] Extracted file /usr/lib/python3.8/email/_policybase.py in 81ms
[2022-10-18 20:51:28] [build-stdout] [INFO] [6] Extracted module marshal in 3ms
[2022-10-18 20:51:28] [build-stdout] [INFO] [1] Extracted file /usr/lib/python3.8/uu.py in 81ms
[2022-10-18 20:51:28] [build-stdout] [INFO] [1] Extracted folder /usr/lib/python3.8/html in 0ms
[2022-10-18 20:51:29] [build-stdout] [INFO] [8] Extracted file /usr/lib/python3.8/gzip.py in 230ms
[2022-10-18 20:51:29] [build-stdout] [INFO] [8] Extracted file /usr/lib/python3.8/email/errors.py in 27ms
[2022-10-18 20:51:29] [build-stdout] [INFO] [6] Extracted file /usr/lib/python3.8/_osx_support.py in 144ms
[2022-10-18 20:51:29] [build-stdout] [INFO] [6] Extracted file /usr/lib/python3.8/email/_encoded_words.py in 53ms
[2022-10-18 20:51:29] [build-stdout] [INFO] [2] Extracted file /usr/lib/python3.8/plistlib.py in 378ms
[2022-10-18 20:51:29] [build-stdout] [INFO] [3] Extracted file /usr/lib/python3.8/datetime.py in 1104ms
[2022-10-18 20:51:29] [build-stdout] [INFO] [1] Extracted file /usr/lib/python3.8/zipimport.py in 229ms
[2022-10-18 20:51:29] [build-stdout] [INFO] [2] Extracted file /usr/lib/python3.8/html/__init__.py in 41ms
[2022-10-18 20:51:29] [build-stdout] [INFO] [5] Extracted file /usr/lib/python3.8/http/client.py in 466ms
[2022-10-18 20:51:29] [build-stdout] [INFO] [5] Extracted module _lzma in 6ms
[2022-10-18 20:51:29] [build-stdout] [INFO] [8] Extracted file /usr/lib/python3.8/mimetypes.py in 162ms
[2022-10-18 20:51:29] [build-stdout] [INFO] [6] Extracted file /usr/lib/python3.8/email/utils.py in 107ms
[2022-10-18 20:51:29] [build-stdout] [INFO] [5] Extracted file /usr/lib/python3.8/email/base64mime.py in 32ms
[2022-10-18 20:51:29] [build-stdout] [INFO] [5] Extracted module _decimal in 10ms
[2022-10-18 20:51:29] [build-stdout] [INFO] [8] Extracted file /usr/lib/python3.8/urllib/error.py in 23ms
[2022-10-18 20:51:29] [build-stdout] [INFO] [7] Extracted file /usr/lib/python3.8/zipfile.py in 1229ms
[2022-10-18 20:51:29] [build-stdout] [INFO] [3] Extracted file /usr/lib/python3.8/socketserver.py in 192ms
[2022-10-18 20:51:29] [build-stdout] [INFO] [6] Extracted file /usr/lib/python3.8/ctypes/util.py in 138ms
[2022-10-18 20:51:29] [build-stdout] [INFO] [6] Extracted folder /usr/lib/python3.8/distutils in 0ms
[2022-10-18 20:51:29] [build-stdout] [INFO] [1] Extracted file /usr/lib/python3.8/email/feedparser.py in 201ms
[2022-10-18 20:51:29] [build-stdout] [INFO] [1] Extracted module pyexpat in 7ms
[2022-10-18 20:51:29] [build-stdout] [INFO] [7] Extracted file /usr/lib/python3.8/distutils/spawn.py in 70ms
[2022-10-18 20:51:29] [build-stdout] [INFO] [3] Extracted file /usr/lib/python3.8/ctypes/wintypes.py in 73ms
[2022-10-18 20:51:29] [build-stdout] [INFO] [3] Extracted module resource in 4ms
[2022-10-18 20:51:29] [build-stdout] [INFO] [6] Extracted file /usr/lib/python3.8/test/support/testresult.py in 99ms
[2022-10-18 20:51:29] [build-stdout] [INFO] [6] Extracted module faulthandler in 3ms
[2022-10-18 20:51:29] [build-stdout] [INFO] [6] Extracted module gc in 3ms
[2022-10-18 20:51:29] [build-stdout] [INFO] [4] Extracted file /usr/lib/python3.8/tarfile.py in 986ms
[2022-10-18 20:51:29] [build-stdout] [INFO] [4] Extracted file /usr/lib/python3.8/email/encoders.py in 24ms
[2022-10-18 20:51:29] [build-stdout] [INFO] [1] Extracted file /usr/lib/python3.8/email/header.py in 191ms
[2022-10-18 20:51:29] [build-stdout] [INFO] [1] Extracted folder /usr/lib/python3.8/ctypes in 0ms
[2022-10-18 20:51:29] [build-stdout] [INFO] [3] Extracted file /usr/lib/python3.8/shlex.py in 166ms
[2022-10-18 20:51:29] [build-stdout] [INFO] [7] Extracted file /usr/lib/python3.8/ctypes/__init__.py in 211ms
[2022-10-18 20:51:29] [build-stdout] [INFO] [5] Extracted file /usr/lib/python3.8/distutils/ccompiler.py in 397ms
[2022-10-18 20:51:29] [build-stdout] [INFO] [7] Extracted file /usr/lib/python3.8/distutils/log.py in 32ms
[2022-10-18 20:51:29] [build-stdout] [INFO] [3] Extracted file /usr/lib/python3.8/email/quoprimime.py in 74ms
[2022-10-18 20:51:29] [build-stdout] [INFO] [7] Extracted file /usr/lib/python3.8/ctypes/_aix.py in 71ms
[2022-10-18 20:51:29] [build-stdout] [INFO] [2] Extracted file /usr/lib/python3.8/nntplib.py in 551ms
[2022-10-18 20:51:29] [build-stdout] [INFO] [2] Extracted file /usr/lib/python3.8/distutils/debug.py in 3ms
[2022-10-18 20:51:29] [build-stdout] [INFO] [2] Extracted module _datetime in 6ms
[2022-10-18 20:51:29] [build-stdout] [INFO] [2] Extracted module _testcapi in 7ms
[2022-10-18 20:51:29] [build-stdout] [INFO] [1] Extracted file /usr/lib/python3.8/distutils/sysconfig.py in 188ms
[2022-10-18 20:51:29] [build-stdout] [INFO] [2] Extracted file /usr/lib/python3.8/distutils/errors.py in 16ms
[2022-10-18 20:51:29] [build-stdout] [INFO] [2] Extracted file /usr/lib/python3.8/xml/etree/__init__.py in 2ms
[2022-10-18 20:51:29] [build-stdout] [INFO] [2] Extracted file /usr/lib/python3.8/distutils/__init__.py in 3ms
[2022-10-18 20:51:29] [build-stdout] [INFO] [2] Extracted folder /usr/lib/python3.8/xml/etree in 0ms
[2022-10-18 20:51:29] [build-stdout] [INFO] [8] Extracted file /usr/lib/python3.8/optparse.py in 529ms
[2022-10-18 20:51:29] [build-stdout] [INFO] [8] Extracted module _ctypes in 5ms
[2022-10-18 20:51:29] [build-stdout] [INFO] [2] Extracted file /usr/lib/python3.8/urllib/response.py in 26ms
[2022-10-18 20:51:29] [build-stdout] [INFO] [8] Extracted file /usr/lib/python3.8/ctypes/_endian.py in 20ms
[2022-10-18 20:51:29] [build-stdout] [INFO] [8] Extracted file /usr/lib/python3.8/distutils/dep_util.py in 27ms
[2022-10-18 20:51:29] [build-stdout] [INFO] [8] Extracted file /usr/lib/python3.8/distutils/dir_util.py in 126ms
[2022-10-18 20:51:29] [build-stdout] [INFO] [2] Extracted file /usr/lib/python3.8/distutils/util.py in 176ms
[2022-10-18 20:51:29] [build-stdout] [INFO] [4] Extracted file /usr/lib/python3.8/logging/handlers.py in 439ms
[2022-10-18 20:51:30] [build-stdout] [INFO] [5] Extracted file /usr/lib/python3.8/email/_parseaddr.py in 364ms
[2022-10-18 20:51:30] [build-stdout] [INFO] [2] Extracted file /usr/lib/python3.8/distutils/file_util.py in 70ms
[2022-10-18 20:51:30] [build-stdout] [INFO] [2] Extracted folder /usr/lib/python3.8/ctypes/__pycache__ in 0ms
[2022-10-18 20:51:30] [build-stdout] [INFO] [2] Extracted folder /usr/lib/python3.8/lib2to3 in 0ms
[2022-10-18 20:51:30] [build-stdout] [INFO] [4] Extracted file /usr/lib/python3.8/distutils/text_file.py in 69ms
[2022-10-18 20:51:30] [build-stdout] [INFO] [4] Extracted file /usr/lib/python3.8/lib2to3/__init__.py in 1ms
[2022-10-18 20:51:30] [build-stdout] [INFO] [8] Extracted file /usr/lib/python3.8/distutils/fancy_getopt.py in 155ms
[2022-10-18 20:51:30] [build-stdout] [INFO] [4] Extracted file /usr/lib/python3.8/py_compile.py in 78ms
[2022-10-18 20:51:30] [build-stdout] [INFO] [5] Extracted file /usr/lib/python3.8/textwrap.py in 123ms
[2022-10-18 20:51:30] [build-stdout] [INFO] [2] Extracted file /usr/lib/python3.8/distutils/filelist.py in 114ms
[2022-10-18 20:51:30] [build-stdout] [INFO] [3] Extracted file /usr/lib/python3.8/html/entities.py in 658ms
[2022-10-18 20:51:30] [build-stdout] [INFO] [8] Extracted file /usr/lib/python3.8/lib2to3/refactor.py in 271ms
[2022-10-18 20:51:30] [build-stdout] [INFO] [8] Extracted folder /usr/lib/python3.8/lib2to3/pgen2 in 0ms
[2022-10-18 20:51:30] [build-stdout] [INFO] [8] Extracted file /usr/lib/python3.8/lib2to3/pygram.py in 16ms
[2022-10-18 20:51:30] [build-stdout] [INFO] [8] Extracted file /usr/lib/python3.8/lib2to3/pgen2/__init__.py in 2ms
[2022-10-18 20:51:30] [build-stdout] [INFO] [3] Extracted file /usr/lib/python3.8/lib2to3/pgen2/token.py in 28ms
[2022-10-18 20:51:30] [build-stdout] [INFO] [5] Extracted file /usr/lib/python3.8/lib2to3/btm_matcher.py in 80ms
[2022-10-18 20:51:30] [build-stdout] [INFO] [4] Extracted file /usr/lib/python3.8/lib2to3/pgen2/driver.py in 117ms
[2022-10-18 20:51:30] [build-stdout] [INFO] [1] Extracted file /usr/lib/python3.8/xml/etree/ElementTree.py in 788ms
[2022-10-18 20:51:30] [build-stdout] [INFO] [2] Extracted file /usr/lib/python3.8/lib2to3/fixer_util.py in 196ms
[2022-10-18 20:51:30] [build-stdout] [INFO] [2] Extracted file /usr/lib/python3.8/lib2to3/pgen2/grammar.py in 31ms
[2022-10-18 20:51:30] [build-stdout] [INFO] [5] Extracted file /usr/lib/python3.8/lib2to3/btm_utils.py in 161ms
[2022-10-18 20:51:30] [build-stdout] [INFO] [1] Extracted file /usr/lib/python3.8/lib2to3/pgen2/parse.py in 75ms
[2022-10-18 20:51:30] [build-stdout] [INFO] [5] Extracted module _elementtree in 7ms
[2022-10-18 20:51:30] [build-stdout] [INFO] [3] Extracted file /usr/lib/python3.8/lib2to3/pytree.py in 266ms
[2022-10-18 20:51:30] [build-stdout] [INFO] [8] Extracted file /usr/lib/python3.8/lib2to3/pgen2/tokenize.py in 290ms
[2022-10-18 20:51:30] [build-stdout] [INFO] [4] Extracted file /usr/lib/python3.8/lib2to3/pgen2/pgen.py in 219ms
[2022-10-18 20:51:30] [build-stdout] [INFO] [6] Extracted file /usr/lib/python3.8/urllib/request.py in 1248ms
[2022-10-18 20:51:30] [build-stdout] [INFO] [1] Extracted file /usr/lib/python3.8/lib2to3/patcomp.py in 113ms
[2022-10-18 20:51:30] [build-stdout] [INFO] [3] Extracted file /usr/lib/python3.8/nturl2path.py in 26ms
[2022-10-18 20:51:30] [build-stdout] [INFO] [8] Extracted file /usr/lib/python3.8/lib2to3/pgen2/literals.py in 26ms
[2022-10-18 20:51:30] [build-stdout] [INFO] [2] Extracted file /usr/lib/python3.8/xml/etree/ElementPath.py in 162ms
[2022-10-18 20:51:31] [build-stdout] [INFO] [5] Extracted file /usr/lib/python3.8/ftplib.py in 330ms
[2022-10-18 20:51:31] [build-stdout] [INFO] [4] Extracted file /usr/lib/python3.8/netrc.py in 62ms
[2022-10-18 20:51:31] [build-stdout] [INFO] [7] Extracted file /usr/lib/python3.8/_pydecimal.py in 1857ms
[2022-10-18 20:51:31] [build-stdout] [INFO] [6] Extracted file /usr/lib/python3.8/numbers.py in 85ms
[2022-10-18 20:51:31] [build-stdout] [INFO] Processed 339 modules in 8.54s
[2022-10-18 20:51:31] Plumbing command codeql database trace-command completed.
[2022-10-18 20:51:31] [PROGRESS] database create> Finalizing database at /root/dev_compose/analysis/codeql/qldb/chaos-mesh-build.
[2022-10-18 20:51:31] Running plumbing command: codeql database finalize --mode=normal --no-db-cluster -- /root/dev_compose/analysis/codeql/qldb/chaos-mesh-build
[2022-10-18 20:51:31] [PROGRESS] database finalize> Running TRAP import for CodeQL database at /root/dev_compose/analysis/codeql/qldb/chaos-mesh-build...
[2022-10-18 20:51:31] Running plumbing command: codeql dataset import --dbscheme=/usr/local/codeql/python/semmlecode.python.dbscheme -- /root/dev_compose/analysis/codeql/qldb/chaos-mesh-build/db-python /root/dev_compose/analysis/codeql/qldb/chaos-mesh-build/trap/python
[2022-10-18 20:51:31] Clearing disk cache since the version file /root/dev_compose/analysis/codeql/qldb/chaos-mesh-build/db-python/default/cache/version does not exist
[2022-10-18 20:51:31] Tuple pool not found. Clearing relations with cached strings
[2022-10-18 20:51:31] Trimming disk cache at /root/dev_compose/analysis/codeql/qldb/chaos-mesh-build/db-python/default/cache in mode brutal.
[2022-10-18 20:51:31] Sequence stamp origin is -6398051754634499856
[2022-10-18 20:51:31] Pausing evaluation to hard-clear memory at sequence stamp o+0
[2022-10-18 20:51:31] Unpausing evaluation
[2022-10-18 20:51:31] Pausing evaluation to quickly trim disk at sequence stamp o+1
[2022-10-18 20:51:31] Unpausing evaluation
[2022-10-18 20:51:31] Pausing evaluation to zealously trim disk at sequence stamp o+2
[2022-10-18 20:51:31] Unpausing evaluation
[2022-10-18 20:51:31] Trimming completed (6ms): Purged everything.
[2022-10-18 20:51:31] Scanning for files in /root/dev_compose/analysis/codeql/qldb/chaos-mesh-build/trap/python
[2022-10-18 20:51:31] Importing $files.1EnfbVSDVPysQZdzkwAN0CuN684=.trap.gz (1 of 350)
[2022-10-18 20:51:31] Importing $files.Bw136nGRim_JfbldySQ38jEdN3c=.trap.gz (2 of 350)
[2022-10-18 20:51:32] Importing $files.GRYuFDb9vsLxB64-LfyEStuxb2s=.trap.gz (3 of 350)
[2022-10-18 20:51:32] Importing $files.NC61r-xXZH1WSGIXXZpZzFWIAfg=.trap.gz (4 of 350)
[2022-10-18 20:51:32] Importing $files.NogEbtfcHipU5847FqAtiFMTboI=.trap.gz (5 of 350)
[2022-10-18 20:51:32] Importing $files.Rdb4_f3baCBPTH14nLIbccxH-dM=.trap.gz (6 of 350)
[2022-10-18 20:51:32] Importing $files.liPBJMhRNoEnwHS75K9cWlzGjTI=.trap.gz (7 of 350)
[2022-10-18 20:51:32] Importing $files.sez6Ai7JvbjZQBKz4gyBQgwPZUU=.trap.gz (8 of 350)
[2022-10-18 20:51:32] Importing $interpreter3.JKMI7to9nkjcFiOFAkUcvf1oB8M=.trap.gz (9 of 350)
[2022-10-18 20:51:32] Importing $stdlib_33.sZ6eMfPGCD2z6jPrIktAu46e6hk=.trap (10 of 350)
[2022-10-18 20:51:32] Importing ElementPath.py.n2dNIAI1n5u68izTMmLWCMsikpM=.trap.gz (11 of 350)
[2022-10-18 20:51:32] Importing ElementTree.py.bHKsvKlr0iK_hM8cL8jQfs-EAyg=.trap.gz (12 of 350)
[2022-10-18 20:51:32] Importing __future__.py.iNuvOXOdWVdobqhRFJi8bzUqaX8=.trap.gz (13 of 350)
[2022-10-18 20:51:32] Importing __init__.py.0xlJod4DjlgrYXQbw4lrm5WvxA4=.trap.gz (14 of 350)
[2022-10-18 20:51:32] Importing __init__.py.2vddvfGyKLcd5upMxeZTVnMrVKI=.trap.gz (15 of 350)
[2022-10-18 20:51:32] Importing __init__.py.3RYcSbhK2fp3BUmWoz6g9SPq-pk=.trap.gz (16 of 350)
[2022-10-18 20:51:32] Importing __init__.py.4mSD9EkZu07z2cK-4g8NIK4ZG5Y=.trap.gz (17 of 350)
[2022-10-18 20:51:32] Importing __init__.py.6tX_nF2Mo2FeIzYGjmxMgoP-M0Q=.trap.gz (18 of 350)
[2022-10-18 20:51:32] Importing __init__.py.6zISx61naQCyGq7soFLSubAdsjo=.trap.gz (19 of 350)
[2022-10-18 20:51:32] Importing __init__.py.A2JkxYqpbLW_dGg8_CdTeIshQqA=.trap.gz (20 of 350)
[2022-10-18 20:51:32] Importing __init__.py.DOQ6Q42GqWs7b_tCVC0sRxI_TBM=.trap.gz (21 of 350)
[2022-10-18 20:51:32] Importing __init__.py.E3abGNC1AEU0dW-Dxb0uzDXQsaY=.trap.gz (22 of 350)
[2022-10-18 20:51:32] Importing __init__.py.GC5Vd0-3ePGv85rDbdw9X-jz_9s=.trap.gz (23 of 350)
[2022-10-18 20:51:32] Importing __init__.py.KujMEK1K8Gt3rIwWD1aooOjzF3I=.trap.gz (24 of 350)
[2022-10-18 20:51:32] Importing __init__.py.SmbThU2Bh1PJSm-xVo4Klq9b5rY=.trap.gz (25 of 350)
[2022-10-18 20:51:32] Importing __init__.py.SydWGJL0NHWilkOYuH0_OA2nzL8=.trap.gz (26 of 350)
[2022-10-18 20:51:32] Importing __init__.py.U0LloDEXOtpZJMYeM8yFETpM0iM=.trap.gz (27 of 350)
[2022-10-18 20:51:32] Importing __init__.py.cvbHXx5PfscjePPdzReIZFfqJGs=.trap.gz (28 of 350)
[2022-10-18 20:51:32] Importing __init__.py.dZWmSaxv7OXU0TYXHeq5l1gbpZ0=.trap.gz (29 of 350)
[2022-10-18 20:51:32] Importing __init__.py.fzYBeJ2g0JzDw9gE7HvkM3fZoRQ=.trap.gz (30 of 350)
[2022-10-18 20:51:32] Importing __init__.py.hfmbTogYEVrfo33PmM8xKgCFygM=.trap.gz (31 of 350)
[2022-10-18 20:51:32] Importing __init__.py.kP7reW15ghEBTixNHfEh-Su-6tY=.trap.gz (32 of 350)
[2022-10-18 20:51:32] Importing __init__.py.sVWU_e1C5vS4D0ot3UF82cwM6l4=.trap.gz (33 of 350)
[2022-10-18 20:51:32] Importing __init__.py.ueS_iyP_0gSfsUxzzD0ipiXeEdM=.trap.gz (34 of 350)
[2022-10-18 20:51:32] Importing __init__.py.umK45BSdCvlwflLO0kt4rimZ64Y=.trap.gz (35 of 350)
[2022-10-18 20:51:32] Importing __init__.py.y4tUCK6LGgbPXc-W9PbHwE9o1Tg=.trap.gz (36 of 350)
[2022-10-18 20:51:32] Importing __pycache__.tzMaVJoXrLHxSZRDpHhkiMJXw34=.trap.gz (37 of 350)
[2022-10-18 20:51:32] Importing _abc.ICm-5AGEqXwckosG0aIUtgypCqg=.trap.gz (38 of 350)
[2022-10-18 20:51:32] Importing _aix.py.HUE7eIFaO8aKAh4rBjJQUs_-Gk0=.trap.gz (39 of 350)
[2022-10-18 20:51:32] Importing _ast.5jN9P1nqTIXflDkjITEf3-y-SLU=.trap.gz (40 of 350)
[2022-10-18 20:51:32] Importing _asyncio._JwRpNpPzPu16dd29_EaNH5W5cs=.trap.gz (41 of 350)
[2022-10-18 20:51:32] Importing _base.py.vcGKflfzmbcYD8r4UtapribmWkM=.trap.gz (42 of 350)
[2022-10-18 20:51:32] Importing _bisect.dd2mdhRRGA-_XT7mEH545JOcp3g=.trap.gz (43 of 350)
[2022-10-18 20:51:32] Importing _blake2.tjBKovJNWukH5WiqpLW8RDbmxbY=.trap.gz (44 of 350)
[2022-10-18 20:51:32] Importing _bootlocale.py.UvyLBKrJHDOZkebRHAUyFY_tFsA=.trap.gz (45 of 350)
[2022-10-18 20:51:32] Importing _bootstrap.py.1DrDQWTL2G84-ZcTfxg1oQ6Pz6w=.trap.gz (46 of 350)
[2022-10-18 20:51:32] Importing _bootstrap_external.py.4k56vcJCqXfeo20Ci2YY6rrds6Y=.trap.gz (47 of 350)
[2022-10-18 20:51:32] Importing _bz2.KJFnHX_5hPHwlf-cUmauSr2WIZo=.trap.gz (48 of 350)
[2022-10-18 20:51:32] Importing _codecs.wPZMNZIi8d2A-C6n1E2CeeGruFM=.trap.gz (49 of 350)
[2022-10-18 20:51:32] Importing _collections.pj3SVaM1YQLdN6Hr2-qJHFcfK8w=.trap.gz (50 of 350)
[2022-10-18 20:51:32] Importing _collections_abc.py.O00NeZtcSBteQdJkD3CJ7Pf87lI=.trap.gz (51 of 350)
[2022-10-18 20:51:32] Importing _compat_pickle.py.IixfhilD5tSXbSVj4AOyeRxct6I=.trap.gz (52 of 350)
[2022-10-18 20:51:32] Importing _compression.py.cWJIaW5bhl7zdk6zhjI_mA8q4PU=.trap.gz (53 of 350)
[2022-10-18 20:51:32] Importing _contextvars.IqMNFzaZ4-6f2cAwr9mlDqlzONY=.trap.gz (54 of 350)
[2022-10-18 20:51:32] Importing _ctypes.E0K_bTzSPUUAowMYZ6mc81Pm7IA=.trap.gz (55 of 350)
[2022-10-18 20:51:32] Importing _datetime.aL1clxkuUj8xhJwHhPmoBd0J-60=.trap.gz (56 of 350)
[2022-10-18 20:51:32] Importing _decimal.iC2xJHCspVeteZ1E-mINfC1_RTg=.trap.gz (57 of 350)
[2022-10-18 20:51:32] Importing _elementtree.GZg77cOsh-1mlFj8n247Rw63EfE=.trap.gz (58 of 350)
[2022-10-18 20:51:32] Importing _encoded_words.py.eC2GqeDFiPzuwhuTDpQsvotC1Kc=.trap.gz (59 of 350)
[2022-10-18 20:51:32] Importing _endian.py.FHWQYU5jKVqaCQgGqapFfXKfPx0=.trap.gz (60 of 350)
[2022-10-18 20:51:32] Importing _functools.fsDhMrHycWyuJr6TPV7etJ_pONE=.trap.gz (61 of 350)
[2022-10-18 20:51:32] Importing _hashlib.NWazJizH7SgNY2hHfdDiAtXh0x8=.trap.gz (62 of 350)
[2022-10-18 20:51:32] Importing _heapq.DnYLTqxS-ewkeLGdMWeEFL_c8vA=.trap.gz (63 of 350)
[2022-10-18 20:51:32] Importing _imp.j7XPA7I2GN6QowEW8PmEx5rw8FY=.trap.gz (64 of 350)
[2022-10-18 20:51:32] Importing _io.YgZ-e-Hn1spxoaZg-dXCVAKvs3Q=.trap.gz (65 of 350)
[2022-10-18 20:51:32] Importing _locale.gSQyruKie15Tc6MNvzN93rysRbA=.trap.gz (66 of 350)
[2022-10-18 20:51:32] Importing _lzma.sHsQA7RxDNnLqRp8iCzadboEPrA=.trap.gz (67 of 350)
[2022-10-18 20:51:32] Importing _md5.80S6pq9nEjWICuDFkiftZvdPoDk=.trap.gz (68 of 350)
[2022-10-18 20:51:32] Importing _multiprocessing.G2CYPAeO_MO3hv-OhBVYeEW-_Ec=.trap.gz (69 of 350)
[2022-10-18 20:51:32] Importing _opcode.kVTLDESHmMcnVgXpgLxlkBBYXx0=.trap.gz (70 of 350)
[2022-10-18 20:51:32] Importing _operator.iKdgLu6YJMoPOzyAJ1hWT-v481g=.trap.gz (71 of 350)
[2022-10-18 20:51:32] Importing _osx_support.py.Ad0wtJj3QaKsoQJh8H9JSQOlY90=.trap.gz (72 of 350)
[2022-10-18 20:51:32] Importing _parseaddr.py.C3aDo80tkZhB11cJgwDBVbB3XM0=.trap.gz (73 of 350)
[2022-10-18 20:51:32] Importing _pickle.j5Kn9kYdUjwWgRFaOwv-RHciYqA=.trap.gz (74 of 350)
[2022-10-18 20:51:32] Importing _policybase.py.NtzCiOZGafG6I18BP6hd6hLoR3o=.trap.gz (75 of 350)
[2022-10-18 20:51:32] Importing _posixshmem.SUbDlMVrUWoSfRPfSzRODO6fsVE=.trap.gz (76 of 350)
[2022-10-18 20:51:32] Importing _posixsubprocess.aLBTgDRZDGFvYxz6FZOOgVDi-tM=.trap.gz (77 of 350)
[2022-10-18 20:51:32] Importing _py_abc.py.my5LkL6mTc9u6AYQACKUvr5WLHU=.trap.gz (78 of 350)
[2022-10-18 20:51:32] Importing _pydecimal.py.eL7LL2KdF_gVpfU457thEg77R1Y=.trap.gz (79 of 350)
[2022-10-18 20:51:32] Importing _queue.4V-6IaRsjpLDp4NHk14l_dXAuks=.trap.gz (80 of 350)
[2022-10-18 20:51:32] Importing _random.R3fF0DionedVprcf3TXq8BG_hAM=.trap.gz (81 of 350)
[2022-10-18 20:51:32] Importing _sha1.ZvUY5MizM3LOOI-B3RbJqENW0yY=.trap.gz (82 of 350)
[2022-10-18 20:51:32] Importing _sha256.Xg5Qkn_3QFxLLFV7EZCYy-q06o4=.trap.gz (83 of 350)
[2022-10-18 20:51:32] Importing _sha3.7Vu8R7rzkE4vxGIkiV8ONVc7vpw=.trap.gz (84 of 350)
[2022-10-18 20:51:32] Importing _sha512.u9z8qU2vObtT_AwF3CwIZpJ9nFA=.trap.gz (85 of 350)
[2022-10-18 20:51:32] Importing _signal.VXZRrzHUWnIq2rTQ-ScWjatvMNg=.trap.gz (86 of 350)
[2022-10-18 20:51:32] Importing _socket.mxbPBySHSrY3Spj_IS5ozxDmDJA=.trap.gz (87 of 350)
[2022-10-18 20:51:32] Importing _sre.NtISy695LftXJEvo3E2tdqI-QiY=.trap.gz (88 of 350)
[2022-10-18 20:51:32] Importing _ssl.PudGg91xggYp3-TxhjDL_eHI35s=.trap.gz (89 of 350)
[2022-10-18 20:51:32] Importing _stat.mKW4fa1afwPiWrhRpeJxZRQRb0U=.trap.gz (90 of 350)
[2022-10-18 20:51:32] Importing _string.elwRx2pA027In3zHNTn36eN9H84=.trap.gz (91 of 350)
[2022-10-18 20:51:32] Importing _struct.B00Gwvpb8yi5ZC2OQhPaCTcRxdM=.trap.gz (92 of 350)
[2022-10-18 20:51:32] Importing _testcapi.jAD2ocRX5duM2R63vHcBxZetNCk=.trap.gz (93 of 350)
[2022-10-18 20:51:32] Importing _thread.SY-c2AO8fCC0TFQAS8HYRTOtRE8=.trap.gz (94 of 350)
[2022-10-18 20:51:32] Importing _threading_local.py.BLGdupelzpyTxNeIfuF7QaKJfgk=.trap.gz (95 of 350)
[2022-10-18 20:51:32] Importing _tracemalloc.UJ_12GxAo8YgPtiRSp0ljPkUoUs=.trap.gz (96 of 350)
[2022-10-18 20:51:32] Importing _warnings.zShtElRV7bpWUEotsab6_65utJk=.trap.gz (97 of 350)
[2022-10-18 20:51:32] Importing _weakref.7f7YszXLfcI-ajYYFuj8-dET0os=.trap.gz (98 of 350)
[2022-10-18 20:51:32] Importing _weakrefset.py._KqJfORkDZdQD5AwmggR8HjJd8I=.trap.gz (99 of 350)
[2022-10-18 20:51:32] Importing abc.py.D5tneziSWavXjGLJ8IRuxEoG7sg=.trap.gz (100 of 350)
[2022-10-18 20:51:32] Importing abc.py.YEa2omyhITDwaq2cSrEFlUnkSw0=.trap.gz (101 of 350)
[2022-10-18 20:51:32] Importing abc.py.cF6QoC7VFpVr5WXDj0KLXg2DYbo=.trap.gz (102 of 350)
[2022-10-18 20:51:32] Importing aliases.py.groX0g0ozi6ZW0-0cA6zITVzV3I=.trap.gz (103 of 350)
[2022-10-18 20:51:32] Importing argparse.py.2aENvT2W2vJW1SZA-ohCI_QqTpw=.trap.gz (104 of 350)
[2022-10-18 20:51:32] Importing array.DBIi-GuTcTEu4UgudgqC4Mo_rpg=.trap.gz (105 of 350)
[2022-10-18 20:51:32] Importing ast.py.-ZC-KTvFj8zipGESZnsJjUOJlSw=.trap.gz (106 of 350)
[2022-10-18 20:51:32] Importing async_case.py.vIM5i98v2202pIlp7FDXvDSbFSE=.trap.gz (107 of 350)
[2022-10-18 20:51:32] Importing asyncio.5gt-AAyugtupxivzCG2K_PmOObc=.trap.gz (108 of 350)
[2022-10-18 20:51:32] Importing atexit.7kUnBfvQ5sCD1LJBn2pz_JPlm1Y=.trap.gz (109 of 350)
[2022-10-18 20:51:32] Importing base64.py.6-BjclcMytCNyCnjArsOZaS0Bsk=.trap.gz (110 of 350)
[2022-10-18 20:51:32] Importing base64mime.py.UhV8CHLw62gbmbBU0OfGxhxzzR4=.trap.gz (111 of 350)
[2022-10-18 20:51:32] Importing base_events.py.cNtdyzAIXrCd3izmY7isA61ny7I=.trap.gz (112 of 350)
[2022-10-18 20:51:32] Importing base_futures.py.9dIOVc62TXXgXJ182Mj0gGe5TbQ=.trap.gz (113 of 350)
[2022-10-18 20:51:32] Importing base_subprocess.py.UQ0xkMEWPQsIyv0itB7bnXthe2A=.trap.gz (114 of 350)
[2022-10-18 20:51:32] Importing base_tasks.py.qiWUT3bIT4eq2JVbV_Oe8dm_khQ=.trap.gz (115 of 350)
[2022-10-18 20:51:32] Importing bdb.py.HxGgvE7EPNsJ7OmAw88ANsT1g6U=.trap.gz (116 of 350)
[2022-10-18 20:51:32] Importing binascii.fJ9oPyuXpnXGBsToIAgOL2uTOs8=.trap.gz (117 of 350)
[2022-10-18 20:51:32] Importing bisect.py.sMsXPrV_W6ShMUtvg0eYKGvhKbI=.trap.gz (118 of 350)
[2022-10-18 20:51:32] Importing btm_matcher.py.le-4XB8THwXjc2WXQHwHAT9THkU=.trap.gz (119 of 350)
[2022-10-18 20:51:32] Importing btm_utils.py.dCxISYd3AbcfoaLoMOReeaGlA04=.trap.gz (120 of 350)
[2022-10-18 20:51:32] Importing build_image.py.l32IBBwNHfsKQqi1EG3sfqOmJsg=.trap.gz (121 of 350)
[2022-10-18 20:51:32] Importing builtins.L7ATb9K2ZGJhjyXg86KOT7nOQPE=.trap.gz (122 of 350)
[2022-10-18 20:51:32] Importing bz2.py._inJWHxQNPy0I_h4HrLo-D1Wl5g=.trap.gz (123 of 350)
[2022-10-18 20:51:32] Importing calendar.py.RIktyXQPgs22_pb_o5mjqzHCzwg=.trap.gz (124 of 350)
[2022-10-18 20:51:32] Importing case.py.ScUTXMlKI3EbcUADG2ytC1mQdYg=.trap.gz (125 of 350)
[2022-10-18 20:51:32] Importing ccompiler.py.g1r1i3nsmEn6nrNDyxwb1Mndt2k=.trap.gz (126 of 350)
[2022-10-18 20:51:32] Importing charset.py.JKMS_5WgHEFnzUxaE9GJ99oLo2s=.trap.gz (127 of 350)
[2022-10-18 20:51:32] Importing client.py.8x1PSMoXU03ry9316rMpk7JbNuY=.trap.gz (128 of 350)
[2022-10-18 20:51:32] Importing client.py.YvKTMk7UWh-3g73YUkCjBG_OflI=.trap.gz (129 of 350)
[2022-10-18 20:51:32] Importing cmd.py.cs0Zsx2vnM7EKvS0ri0pLgGESgk=.trap.gz (130 of 350)
[2022-10-18 20:51:32] Importing code.py.qDUccFc5sVR74ziVIcuJpUIc06g=.trap.gz (131 of 350)
[2022-10-18 20:51:32] Importing codecs.py.BQu-g0iUuUCImRatAFB3ht71scU=.trap.gz (132 of 350)
[2022-10-18 20:51:32] Importing codeop.py.-UVEhhazX8Z8jkcShA3D8ZkVJOg=.trap.gz (133 of 350)
[2022-10-18 20:51:32] Importing collections.MxV3IxvECzxomS7TPqfj-oAquyE=.trap.gz (134 of 350)
[2022-10-18 20:51:32] Importing common.py.OkTO3BKLDnOx_Gd_L9_UGtil9FQ=.trap.gz (135 of 350)
[2022-10-18 20:51:32] Importing concurrent.r70bs3cvRREx5-hw9Vd0_bNF2Oo=.trap.gz (136 of 350)
[2022-10-18 20:51:32] Importing connection.py.-YuOM9d_HxaBipCbCLngChTHLSg=.trap.gz (137 of 350)
[2022-10-18 20:51:32] Importing constants.py.2UtwD1zZdgwRUw6zs3zlsqYuvE0=.trap.gz (138 of 350)
[2022-10-18 20:51:32] Importing context.py.TsjkRVXT5jQVZmVGbJtsl2H8PQo=.trap.gz (139 of 350)
[2022-10-18 20:51:32] Importing contextlib.py.ei2WWLz2nASX5daNFvW03Oqa9Uo=.trap.gz (140 of 350)
[2022-10-18 20:51:32] Importing contextvars.py.S6msxiStFIC5jac0_E1z8bdH5HU=.trap.gz (141 of 350)
[2022-10-18 20:51:32] Importing copy.py.rxcvre4kOJPsiAGmcvXFtPj5djY=.trap.gz (142 of 350)
[2022-10-18 20:51:32] Importing copyreg.py.LbYzNEwJfxQJPfPyXapCMVrj1BY=.trap.gz (143 of 350)
[2022-10-18 20:51:32] Importing coroutines.py.Q5MMCedXfQONSsPVKk1B--bzYpY=.trap.gz (144 of 350)
[2022-10-18 20:51:32] Importing ctypes.pDV_n9Hd23MnF3fdo4ak6DdYnD8=.trap.gz (145 of 350)
[2022-10-18 20:51:32] Importing datetime.py.qffdI_eCf3mPqpztdiDmdx0B2Ww=.trap.gz (146 of 350)
[2022-10-18 20:51:33] Importing debug.py.2bNEnNBIcqcvq6BCNZwo0hvV9KY=.trap.gz (147 of 350)
[2022-10-18 20:51:33] Importing decimal.py.BboirMrvW3r555wTrdeAm3eIJ9g=.trap.gz (148 of 350)
[2022-10-18 20:51:33] Importing dep_util.py.6uojXdWKDGSC6k5ETFonoGeDOFo=.trap.gz (149 of 350)
[2022-10-18 20:51:33] Importing difflib.py.fEFVUNjX-imVKny7lVhaTErvguM=.trap.gz (150 of 350)
[2022-10-18 20:51:33] Importing dir_util.py.K3XfG5K1hpOONkrlGUv-3BTyYDE=.trap.gz (151 of 350)
[2022-10-18 20:51:33] Importing dis.py.XmYyTA9z9XVkivccDNMfyx0K4A4=.trap.gz (152 of 350)
[2022-10-18 20:51:33] Importing distutils.ZsnVss5eSdrkFc046_9UmcKMnjM=.trap.gz (153 of 350)
[2022-10-18 20:51:33] Importing doctest.py.0DKT0hmZrjc5DHMjO3DNkhnVcmw=.trap.gz (154 of 350)
[2022-10-18 20:51:33] Importing driver.py.CAzl_0p1ycxeI1HQNHqvaiHe91w=.trap.gz (155 of 350)
[2022-10-18 20:51:33] Importing email.qndyEgurGX6ollvFZqqHN63dXS0=.trap.gz (156 of 350)
[2022-10-18 20:51:33] Importing encoders.py.e6qxRiHZ9Xq8T-MfOLy1QsDZXLI=.trap.gz (157 of 350)
[2022-10-18 20:51:33] Importing encodings.6M1qpQ9tNnZcL5LjKG1GZqU_PsE=.trap.gz (158 of 350)
[2022-10-18 20:51:33] Importing entities.py.mOVbQTW4okB6z7qYsNVxWKD0peY=.trap.gz (159 of 350)
[2022-10-18 20:51:33] Importing enum.py.Vnp_Z8UirsuVR6eVY7FUiAhpZ2M=.trap.gz (160 of 350)
[2022-10-18 20:51:33] Importing errno.dTX6_QIEVq_fFrcAwNCYX3cWMjk=.trap.gz (161 of 350)
[2022-10-18 20:51:33] Importing error.py.FZgPgm6HTUUbneJAL6a58fuPvJg=.trap.gz (162 of 350)
[2022-10-18 20:51:33] Importing errors.py.1X6Umft9wh3f4AvyB_O5hKc5hjk=.trap.gz (163 of 350)
[2022-10-18 20:51:33] Importing errors.py.spgU6IkjT6QyfzIhpBwnOQ-xnwY=.trap.gz (164 of 350)
[2022-10-18 20:51:33] Importing etree.mM451iQQt8VvtPQ3mVKA4MYW7Ds=.trap.gz (165 of 350)
[2022-10-18 20:51:33] Importing events.py.tyUl4oOueCSt9CS9oPPZB0S29g8=.trap.gz (166 of 350)
[2022-10-18 20:51:33] Importing exceptions.py.cok5NIP4TTW0iG4QTkWfiKXYhu4=.trap.gz (167 of 350)
[2022-10-18 20:51:33] Importing expat.py.60TjcmRSk-qnD9Gy7rh8-xO3Rjw=.trap.gz (168 of 350)
[2022-10-18 20:51:33] Importing fancy_getopt.py.irEA2MArmAtfR9rYTuECkjPxJAg=.trap.gz (169 of 350)
[2022-10-18 20:51:33] Importing faulthandler.uyANEQI94yYQlwDcYTHRrG7kFW4=.trap.gz (170 of 350)
[2022-10-18 20:51:33] Importing feedparser.py.M_ixzpkeCFuLXbLHoavSxvhUF8E=.trap.gz (171 of 350)
[2022-10-18 20:51:33] Importing file_util.py.sRZg_opOtLikKr6xsiDBg8jVFdo=.trap.gz (172 of 350)
[2022-10-18 20:51:33] Importing filelist.py.pH49Uxla22O1mgaF5Wo1Nu6A1Ec=.trap.gz (173 of 350)
[2022-10-18 20:51:33] Importing fixer_util.py.pQDS7UqnZJA__1J1dMcLe5RquCo=.trap.gz (174 of 350)
[2022-10-18 20:51:33] Importing fnmatch.py.IcWcfxjaocWDH2F4irBaxSvFcRw=.trap.gz (175 of 350)
[2022-10-18 20:51:33] Importing forkserver.py.4O9bxyBcI2A5zZWkjGxlrSAupdM=.trap.gz (176 of 350)
[2022-10-18 20:51:33] Importing format_helpers.py.847TIQ6AfiA14Lk1-Ejk-eqAOg0=.trap.gz (177 of 350)
[2022-10-18 20:51:33] Importing ftplib.py.dzZN3eopKnxoa2kfxCylsrRpvw8=.trap.gz (178 of 350)
[2022-10-18 20:51:33] Importing functools.py.L3aK1Us7u2RYzmKjEudvZdH7Npg=.trap.gz (179 of 350)
[2022-10-18 20:51:33] Importing futures.k1hWtbyM8dnHDoYF6oOcxIfVg94=.trap.gz (180 of 350)
[2022-10-18 20:51:33] Importing futures.py.85eAcYua3yt6hA6LghBrWmUKWRM=.trap.gz (181 of 350)
[2022-10-18 20:51:33] Importing gc.cNqU7rqQfHoBC7ck36dfJj0DWp0=.trap.gz (182 of 350)
[2022-10-18 20:51:33] Importing genericpath.py.JWTBUq4TFQe6ScBlvuzffmiL7P8=.trap.gz (183 of 350)
[2022-10-18 20:51:33] Importing get_env_shell.py.rlQV0WguKnH7561ZjJqtlSv-iHo=.trap.gz (184 of 350)
[2022-10-18 20:51:33] Importing getopt.py.S4UCoAtpz8nKK9a29Xlq0DCLVqE=.trap.gz (185 of 350)
[2022-10-18 20:51:33] Importing gettext.py.xPtWyGG2Kk7ydLbGR9uMOoqKrNY=.trap.gz (186 of 350)
[2022-10-18 20:51:33] Importing glob.py.jg-vO-gQ4MVyA51HSpyUW-f1nfE=.trap.gz (187 of 350)
[2022-10-18 20:51:33] Importing grammar.py.Pprv4Zblf2In-86NIqJHLkDmRoI=.trap.gz (188 of 350)
[2022-10-18 20:51:33] Importing grp.MViiv2fxM4-T08SBghBkyM3pmog=.trap.gz (189 of 350)
[2022-10-18 20:51:33] Importing gzip.py.Y5pxlBO7WFT6J2fIIgR_o8uMerc=.trap.gz (190 of 350)
[2022-10-18 20:51:33] Importing handlers.py.xwgTOFOAcVbwrCMImfX7HrbgVsg=.trap.gz (191 of 350)
[2022-10-18 20:51:33] Importing hashlib.py.cFLVvX3OVzNlmdsAPGJeJ5tqjz8=.trap.gz (192 of 350)
[2022-10-18 20:51:33] Importing header.py.vXTvtaGv559U24VK1SlStlmh1ek=.trap.gz (193 of 350)
[2022-10-18 20:51:33] Importing heapq.py.sBUs9S4nJLwwJLYp4VTL8FLoljE=.trap.gz (194 of 350)
[2022-10-18 20:51:33] Importing hmac.py.iW4rzXAeqy6uYQz7L-tMZrFxQqM=.trap.gz (195 of 350)
[2022-10-18 20:51:33] Importing html.eJoWkVHz03YsF-vIUpd5hSYkV6o=.trap.gz (196 of 350)
[2022-10-18 20:51:33] Importing http.qS9Ss7cfJYof6SJebmxRU8Q6HJM=.trap.gz (197 of 350)
[2022-10-18 20:51:33] Importing importlib.RxFcWg8RyrrduHJH9F0lAQj_uIA=.trap.gz (198 of 350)
[2022-10-18 20:51:33] Importing inspect.py.ySBhNB2OPTQ8l6-8eIwlPHn4iQI=.trap.gz (199 of 350)
[2022-10-18 20:51:33] Importing io.py.hHS_JyHxAQYEiilXjNyzqh8tN0g=.trap.gz (200 of 350)
[2022-10-18 20:51:33] Importing itertools.lufTQ91q6d_VenxL_MUabj27hTs=.trap.gz (201 of 350)
[2022-10-18 20:51:33] Importing keyword.py.SV_1qDMrHRJfJueXITfWhtp-fmE=.trap.gz (202 of 350)
[2022-10-18 20:51:33] Importing lib2to3.x20D9hcOxPyz8wJuBkwx68rLQPA=.trap.gz (203 of 350)
[2022-10-18 20:51:33] Importing linecache.py.-3jkXNrOIPgkPhrrEFMoz48dpes=.trap.gz (204 of 350)
[2022-10-18 20:51:33] Importing literals.py.BmGZeJq1b9ghKaJv_Nctot1FQz0=.trap.gz (205 of 350)
[2022-10-18 20:51:33] Importing loader.py._Vc5Uf-4jyPgCZgahB-v4l6HjnA=.trap.gz (206 of 350)
[2022-10-18 20:51:33] Importing locale.py.Bd8p8Ee6l0j6jaHeEZwklHLKTEA=.trap.gz (207 of 350)
[2022-10-18 20:51:33] Importing locks.py.t-vs9ANjiovWwzXJhGvQ1XgmE1A=.trap.gz (208 of 350)
[2022-10-18 20:51:33] Importing log.py.qRoZ5ItdEwZ0OnEcXePVH3iL0kQ=.trap.gz (209 of 350)
[2022-10-18 20:51:33] Importing log.py.z71lkk3QouJS5vjgR7D4qt7I7Jo=.trap.gz (210 of 350)
[2022-10-18 20:51:33] Importing logging.9tGMYPE8Adip2mJBfVRhSO0XZn4=.trap.gz (211 of 350)
[2022-10-18 20:51:33] Importing lzma.py.Df0XflEM7G5lPrn6ltRfpPe3Gfc=.trap.gz (212 of 350)
[2022-10-18 20:51:33] Importing machinery.py.On8EJKryfcvVeLjayOrBlm9DPkA=.trap.gz (213 of 350)
[2022-10-18 20:51:33] Importing main.py.QQS3b-lVyn7w0Ih5HT5pn__h3D8=.trap.gz (214 of 350)
[2022-10-18 20:51:33] Importing marshal.ONJiOk_SMdWAq7I8-iw9j3Iqk08=.trap.gz (215 of 350)
[2022-10-18 20:51:33] Importing math.GTRKNBAX6PKCH57oDTD28X1uUVI=.trap.gz (216 of 350)
[2022-10-18 20:51:33] Importing mbcs.py.sNrlpjpeE8H2ZT4sJK-hUM6g6-8=.trap.gz (217 of 350)
[2022-10-18 20:51:33] Importing message.py.j6smDsbpA_cPxlH4SHwKBa7yxj4=.trap.gz (218 of 350)
[2022-10-18 20:51:33] Importing mimetypes.py.QKZokdwzEQsEvL2Lt7tp9sG-DlU=.trap.gz (219 of 350)
[2022-10-18 20:51:33] Importing multiprocessing.-9pXrRinQI1Pg8Dh-BWEXFi9icc=.trap.gz (220 of 350)
[2022-10-18 20:51:33] Importing netrc.py.FtxONoEO9Bp9EsBdmFq0czp2qRs=.trap.gz (221 of 350)
[2022-10-18 20:51:33] Importing nntplib.py.QfBHhQ7WHccpayKupsGcc8KkEpE=.trap.gz (222 of 350)
[2022-10-18 20:51:33] Importing ntpath.py.nNN1AuN4thmyWNzxUuGaRQIXy-8=.trap.gz (223 of 350)
[2022-10-18 20:51:33] Importing nturl2path.py.Y8r0mv_3uoznOf5sT9diU3kasTI=.trap.gz (224 of 350)
[2022-10-18 20:51:33] Importing numbers.py.D1MOj-o9HXdZBobKP64LfMXui5Q=.trap.gz (225 of 350)
[2022-10-18 20:51:33] Importing opcode.py.ZVK9a6GZZv8b3djf0eN9oHcNIBA=.trap.gz (226 of 350)
[2022-10-18 20:51:33] Importing operator.py.bgA63i0Q0vo2XPbHkL4NlINj2Ss=.trap.gz (227 of 350)
[2022-10-18 20:51:33] Importing optparse.py.4ryGrPQlPd6SIzv0PekdkuGQG_8=.trap.gz (228 of 350)
[2022-10-18 20:51:33] Importing os.py.jCKt5WCQqDyJqvI6_DhkPTLXpUU=.trap.gz (229 of 350)
[2022-10-18 20:51:33] Importing parse.py.bNnilOwH8fZRSpi8PMAj9Ma9uzw=.trap.gz (230 of 350)
[2022-10-18 20:51:33] Importing parse.py.ldsNri44DMExjIj21lm-EKPi68c=.trap.gz (231 of 350)
[2022-10-18 20:51:33] Importing parser.py.eBk-482hJ-NZOT57k2d31sO3dRg=.trap.gz (232 of 350)
[2022-10-18 20:51:33] Importing parsers.LCPRuB5MUGB7F0c5JDV0PRWoSYY=.trap.gz (233 of 350)
[2022-10-18 20:51:33] Importing patcomp.py.esMMEy-qW2Rg1WSNYb8_6Y-hsJY=.trap.gz (234 of 350)
[2022-10-18 20:51:33] Importing pathlib.py.eoy95SEhf6DcaQNQz4SaLe-3CgU=.trap.gz (235 of 350)
[2022-10-18 20:51:33] Importing pdb.py.VH3jvhShJLSXWDVM1IE0VlCE_Vs=.trap.gz (236 of 350)
[2022-10-18 20:51:33] Importing pgen.py.ufDsgCDi7rzh0fgu-Ha5x-LGCkI=.trap.gz (237 of 350)
[2022-10-18 20:51:33] Importing pgen2.nG2fS3xqCr56IAaivEyl0IqSEDk=.trap.gz (238 of 350)
[2022-10-18 20:51:33] Importing pickle.py.DBu0gwZ2Q_OGaSEvDOljiUhTics=.trap.gz (239 of 350)
[2022-10-18 20:51:33] Importing pkgutil.py.ubqHSM1ZWSiS9Xbm-DLy6zKaXpo=.trap.gz (240 of 350)
[2022-10-18 20:51:33] Importing platform.py.rMMuTP2eaNmPHFbG4okS3l6E6QU=.trap.gz (241 of 350)
[2022-10-18 20:51:33] Importing plistlib.py.JKk1pNVUeRKpiLjVMB9cZP1ibUk=.trap.gz (242 of 350)
[2022-10-18 20:51:33] Importing posix.fcBDohlv3lvPygFaa6ARS78-pko=.trap.gz (243 of 350)
[2022-10-18 20:51:33] Importing posixpath.py.0NI2PukNSAUwKyDC58JO7-0YzKM=.trap.gz (244 of 350)
[2022-10-18 20:51:33] Importing pprint.py.oxo0-6Ca6eulcTWdvvJm9432fMY=.trap.gz (245 of 350)
[2022-10-18 20:51:33] Importing proactor_events.py.57ESe5wBmh3hqndHov-kLvIEl_4=.trap.gz (246 of 350)
[2022-10-18 20:51:33] Importing process.py.gAXgksFmZYQkQziQDj3d07Ntc84=.trap.gz (247 of 350)
[2022-10-18 20:51:33] Importing process.py.sdKSUqY4Kfr7gexGHu2ZARwVhjA=.trap.gz (248 of 350)
[2022-10-18 20:51:33] Importing protocols.py.Q9-51Nz91Vt010jmLP5NoDwWZKs=.trap.gz (249 of 350)
[2022-10-18 20:51:33] Importing pwd.H9Sb8GSVb-_cZIszxGsavt4YeE8=.trap.gz (250 of 350)
[2022-10-18 20:51:33] Importing py_compile.py.D-1cWB6KpezK3wr9n86EHzOCe5E=.trap.gz (251 of 350)
[2022-10-18 20:51:33] Importing pydoc.py.aBvPJ6f4baRZjnkwMNbUIOWllIk=.trap.gz (252 of 350)
[2022-10-18 20:51:33] Importing pyexpat.JNWyQqpZfCB_X-o_i2ILRuOpBhM=.trap.gz (253 of 350)
[2022-10-18 20:51:33] Importing pygram.py.tXxx_wOCBAZxHysFeuHbq4cRMFE=.trap.gz (254 of 350)
[2022-10-18 20:51:33] Importing pytree.py.ZhlLNrSx9dCxtwiqG3bQntmQ43E=.trap.gz (255 of 350)
[2022-10-18 20:51:33] Importing queue.py.L8jm39tTJDedtLOIgfEniGegBtM=.trap.gz (256 of 350)
[2022-10-18 20:51:33] Importing queues.py.7D9YZQwuc30YqxjK_2CIt93EnXI=.trap.gz (257 of 350)
[2022-10-18 20:51:33] Importing queues.py.sqmcqlvpg5YuF8_XCemouct7lsM=.trap.gz (258 of 350)
[2022-10-18 20:51:33] Importing quopri.py.oIJD_IAZekVDUU7W6xW3__Zyv6A=.trap.gz (259 of 350)
[2022-10-18 20:51:33] Importing quoprimime.py.YQN9MUGfOq7NCYNmiD3n-TDWPSI=.trap.gz (260 of 350)
[2022-10-18 20:51:33] Importing random.py.dpINC-LM6rUOfycysiGEw8YEPqc=.trap.gz (261 of 350)
[2022-10-18 20:51:33] Importing re.py.dzz6d-R3J3SVCp9HZ6sISHQ2tk0=.trap.gz (262 of 350)
[2022-10-18 20:51:33] Importing readline.kA8ww0N1vCBXGarWkjzWPG7z4Qs=.trap.gz (263 of 350)
[2022-10-18 20:51:33] Importing reduction.py.kx9TuJxpG02ujE8HNRoEA-EsyVM=.trap.gz (264 of 350)
[2022-10-18 20:51:33] Importing refactor.py.0kK6b_Fc5-2PXiIJiwFINgx5Oxw=.trap.gz (265 of 350)
[2022-10-18 20:51:33] Importing reprlib.py.2wiFvCU7wPwGUOIAN2PKUd28nBg=.trap.gz (266 of 350)
[2022-10-18 20:51:33] Importing request.py.60fAFcZ-wG-QXfL11wzp5aBLMio=.trap.gz (267 of 350)
[2022-10-18 20:51:33] Importing resource.zTgv2Y78BO2zTAUjbInkaKnr7XE=.trap.gz (268 of 350)
[2022-10-18 20:51:33] Importing resource_sharer.py.-_TCKImZQ-CShNuuJBSMZMBfg88=.trap.gz (269 of 350)
[2022-10-18 20:51:33] Importing resource_tracker.py.QipqvUh_m_uHU82i3seypvTFLYI=.trap.gz (270 of 350)
[2022-10-18 20:51:33] Importing response.py.pnVMv2n56LPeBKg5ZbDB7RIbZKw=.trap.gz (271 of 350)
[2022-10-18 20:51:33] Importing result.py.EFnFme84l60ebpXYxgTl7qJq4pY=.trap.gz (272 of 350)
[2022-10-18 20:51:33] Importing runner.py.NxucE_FqCZjDGKbvVylDll7nvRo=.trap.gz (273 of 350)
[2022-10-18 20:51:33] Importing runners.py.t-t6-70CTmeS_ngO7M6wNu9MOLs=.trap.gz (274 of 350)
[2022-10-18 20:51:33] Importing runpy.py.6SUo-NOoS2TmT0-F_6F7WwJ3gMs=.trap.gz (275 of 350)
[2022-10-18 20:51:33] Importing select.-eY-_PZXP_0ee1b8y16pIEWUci4=.trap.gz (276 of 350)
[2022-10-18 20:51:33] Importing selector_events.py.n8FWbsIqOmvJX6Rpfz8DwPsoCUE=.trap.gz (277 of 350)
[2022-10-18 20:51:33] Importing selectors.py.Rhr1LQsGKYuXedYPHCPPL8cLuN8=.trap.gz (278 of 350)
[2022-10-18 20:51:33] Importing server.py.42LuKILOaFQh5sudna0GW7IC6ho=.trap.gz (279 of 350)
[2022-10-18 20:51:34] Importing shlex.py.xy9ELmCB1BHzeefUreFO5fILKqQ=.trap.gz (280 of 350)
[2022-10-18 20:51:34] Importing shutil.py.J_qUSCbLoq-4JWcj0KoMMuxEd9U=.trap.gz (281 of 350)
[2022-10-18 20:51:34] Importing signal.py.JhcRGDhY0wUnHgV7Evbsa6k0wBI=.trap.gz (282 of 350)
[2022-10-18 20:51:34] Importing signals.py.YWoQLm7zPJtYVlIosskNeC19APA=.trap.gz (283 of 350)
[2022-10-18 20:51:34] Importing socket.py.8hJE2go_n5KguJYtbN8_g2gh02w=.trap.gz (284 of 350)
[2022-10-18 20:51:34] Importing socketserver.py.6yMdz9tGAw9JYgx8OCoJ9yq1QAg=.trap.gz (285 of 350)
[2022-10-18 20:51:34] Importing sourceLocationPrefix.trap.gz (286 of 350)
[2022-10-18 20:51:34] Importing spawn.py.KdvdOg3cHcCxeHIWo-35RBMVbcw=.trap.gz (287 of 350)
[2022-10-18 20:51:34] Importing spawn.py.VJ63PNhHVWXPp105y2fv4NuAeLE=.trap.gz (288 of 350)
[2022-10-18 20:51:34] Importing sre_compile.py.I2ZQKRkvTBhiOH8JFmE3u8Wi7dA=.trap.gz (289 of 350)
[2022-10-18 20:51:34] Importing sre_constants.py.mZkkEfDxhkZeXL2XotkGt0OJhhc=.trap.gz (290 of 350)
[2022-10-18 20:51:34] Importing sre_parse.py.ZDwexhGeR1V2lMljpyZrqBd2HHc=.trap.gz (291 of 350)
[2022-10-18 20:51:34] Importing ssl.py.WvlPk-J2ArLFimIxFFhl7wHkZoc=.trap.gz (292 of 350)
[2022-10-18 20:51:34] Importing sslproto.py.vP-YzoBL46LH_HgSdbcZsFjeE2A=.trap.gz (293 of 350)
[2022-10-18 20:51:34] Importing staggered.py.Ldwy28Sz_Jg75eLoGf7_5TO9fWA=.trap.gz (294 of 350)
[2022-10-18 20:51:34] Importing stat.py.2av-DfmIpoVBGAVcWpsFe_xGoOU=.trap.gz (295 of 350)
[2022-10-18 20:51:34] Importing streams.py.XWejickfrS0Q4WyDE8j9zUdjTQ4=.trap.gz (296 of 350)
[2022-10-18 20:51:34] Importing string.py.SQnk81yb7x4RFtYBavlD8CIRmvE=.trap.gz (297 of 350)
[2022-10-18 20:51:34] Importing struct.py.tP9nFwrV4bNF2Eh2dztTkhSEtIc=.trap.gz (298 of 350)
[2022-10-18 20:51:34] Importing subprocess.py.SsM4k_ss1JIzkWFgEcyrFmSuE1E=.trap.gz (299 of 350)
[2022-10-18 20:51:34] Importing subprocess.py.VqUJgkVDUBmzGXQmpM9YDPapyDo=.trap.gz (300 of 350)
[2022-10-18 20:51:34] Importing suite.py.0UNa9mCiryTQMRvEoN94YDqo-fE=.trap.gz (301 of 350)
[2022-10-18 20:51:34] Importing support.WbSSinHxwopmg3OCG0zU5OBLLDk=.trap.gz (302 of 350)
[2022-10-18 20:51:34] Importing sys.eKfnZr3JSHfk_qZ_sGOQgX0VK_o=.trap.gz (303 of 350)
[2022-10-18 20:51:34] Importing sysconfig.py.UXgHaDpEUU0i-taFPhL__O_bic4=.trap.gz (304 of 350)
[2022-10-18 20:51:34] Importing sysconfig.py.egZLIeCmAjM_2uXiLK5fpy0Ml-Q=.trap.gz (305 of 350)
[2022-10-18 20:51:34] Importing tarfile.py.IpAyDvO7OepXXqGqaMlfe5VEaY0=.trap.gz (306 of 350)
[2022-10-18 20:51:34] Importing tasks.py.9_cgD-lk4x0C6Y3EtGlJRwknQpY=.trap.gz (307 of 350)
[2022-10-18 20:51:34] Importing tempfile.py.ke-gkeMV2FULjtKCFiqAy0BvuI0=.trap.gz (308 of 350)
[2022-10-18 20:51:34] Importing termios.1MtwcmRMqOE0WUrK-4XZFcIK8kg=.trap.gz (309 of 350)
[2022-10-18 20:51:34] Importing test.6C3GW7tDPzNAKkSt7ctluX0pzFI=.trap.gz (310 of 350)
[2022-10-18 20:51:34] Importing testresult.py.hrvcRISzwenMRNdR8NGy_bgRW9s=.trap.gz (311 of 350)
[2022-10-18 20:51:34] Importing text_file.py.i5YfNmStN8DdtfdB4VoNh_9LxfE=.trap.gz (312 of 350)
[2022-10-18 20:51:34] Importing textwrap.py.lHoQ3i2-vHMcCnioPTCZWc_2jwU=.trap.gz (313 of 350)
[2022-10-18 20:51:34] Importing thread.py.XfRSIC7binu5t54ATw4kz3aR65Y=.trap.gz (314 of 350)
[2022-10-18 20:51:34] Importing threading.py.435TkqyCd5MYcC7M9LgynxoB1aY=.trap.gz (315 of 350)
[2022-10-18 20:51:34] Importing time.FUYnBUYBowXyswGtGUWN_85Rv9w=.trap.gz (316 of 350)
[2022-10-18 20:51:34] Importing token.py.fZJTq7v8L9qgO0CCofFwoxfv9us=.trap.gz (317 of 350)
[2022-10-18 20:51:34] Importing token.py.szy30S4JT6d-nOZCsjMFwmYOVOY=.trap.gz (318 of 350)
[2022-10-18 20:51:34] Importing tokenize.py.HLMGAr8ratYnHLVtnlBXItBR1GQ=.trap.gz (319 of 350)
[2022-10-18 20:51:34] Importing tokenize.py.i5EeRuFiwLIZu30lptyhbIu5iNU=.trap.gz (320 of 350)
[2022-10-18 20:51:34] Importing traceback.py.6hSxeRQCZn3c9Snw8QsD-eZFXz8=.trap.gz (321 of 350)
[2022-10-18 20:51:34] Importing tracemalloc.py.X31HoAEzPLuHooGkGvCy9BW1tsQ=.trap.gz (322 of 350)
[2022-10-18 20:51:34] Importing transports.py.9ANiqiQ8qKGA-c0JYJzjZavdz9Q=.trap.gz (323 of 350)
[2022-10-18 20:51:34] Importing trsock.py.HINNFIfOc11OoHDcfLpZWH7epwY=.trap.gz (324 of 350)
[2022-10-18 20:51:34] Importing tty.py.qQGd9N-mZ72C2OQdnJ4K76xZNPE=.trap.gz (325 of 350)
[2022-10-18 20:51:34] Importing types.py._ytyFhalzSqkHg8sRANiEl5E24I=.trap.gz (326 of 350)
[2022-10-18 20:51:34] Importing typing.py.rzjQdyOqOfrx8aKUBoH4Dufjydg=.trap.gz (327 of 350)
[2022-10-18 20:51:34] Importing unicodedata.YADk2Sbmdo4-24kKHroXwpBi6jw=.trap.gz (328 of 350)
[2022-10-18 20:51:34] Importing unittest.Zq8eLkBZ_xJNnh4cm8oc62lObZg=.trap.gz (329 of 350)
[2022-10-18 20:51:34] Importing unix_events.py.0HT5tYGMW5raoQyHrYdKKlffNBU=.trap.gz (330 of 350)
[2022-10-18 20:51:34] Importing urllib.W3lxazEQDvynlhLf0DiYZ6agT5w=.trap.gz (331 of 350)
[2022-10-18 20:51:34] Importing util.py.64czQo31-_XkCp9457In3XjRY8I=.trap.gz (332 of 350)
[2022-10-18 20:51:34] Importing util.py.G_jzHeTBm7CEKpEOisRf5EtbaBM=.trap.gz (333 of 350)
[2022-10-18 20:51:34] Importing util.py.dUI0n-Y8lfgtBmLqVDXP-sJvLX8=.trap.gz (334 of 350)
[2022-10-18 20:51:34] Importing util.py.nKtL6gPqH2AJuRlsNXfF2trDfMw=.trap.gz (335 of 350)
[2022-10-18 20:51:34] Importing util.py.qYyLHSpyMf0X7QX2gTT2mrm3de4=.trap.gz (336 of 350)
[2022-10-18 20:51:34] Importing utils.py.HysYsLx_-jGiYetAbnVfG8eImlI=.trap.gz (337 of 350)
[2022-10-18 20:51:34] Importing utils.py.VvbyGO50UKHAcA7AUUwTWJbE4lY=.trap.gz (338 of 350)
[2022-10-18 20:51:34] Importing uu.py.csQ-s4jVja5-i2eriBz_dzLR1Hg=.trap.gz (339 of 350)
[2022-10-18 20:51:34] Importing warnings.py.DkTS8JQWq25DmJanrOtNKsztrk0=.trap.gz (340 of 350)
[2022-10-18 20:51:34] Importing weakref.py.djearMeWojZYVQjq94Xkixe7G94=.trap.gz (341 of 350)
[2022-10-18 20:51:34] Importing webbrowser.py.Cs2aMFqy8-BkSGMdu0VRM4KXZ0U=.trap.gz (342 of 350)
[2022-10-18 20:51:34] Importing windows_events.py.ewxgqTDbbc8FrO7tkRf8qajXXHo=.trap.gz (343 of 350)
[2022-10-18 20:51:34] Importing windows_utils.py.LquRqcKSZBDLhUzh0rksVN4hvaE=.trap.gz (344 of 350)
[2022-10-18 20:51:34] Importing wintypes.py.v5x0UJHrrUKDcUIH-we33CxglfQ=.trap.gz (345 of 350)
[2022-10-18 20:51:34] Importing xml.4mztcJkAJN59YKdf_RhjRgUyla8=.trap.gz (346 of 350)
[2022-10-18 20:51:34] Importing xmlrpc.NnHKUTdt7qnCpwnP06Sk-CdpCps=.trap.gz (347 of 350)
[2022-10-18 20:51:34] Importing zipfile.py.IuVD1AA8xvt_hjWUhGVKiGqHo7g=.trap.gz (348 of 350)
[2022-10-18 20:51:34] Importing zipimport.py.RzCfSM5hGq8Y4cebC_AnGAAzn1g=.trap.gz (349 of 350)
[2022-10-18 20:51:34] Importing zlib.PnY3c5buP8IZfqW7QDn7uBm4a-c=.trap.gz (350 of 350)
[2022-10-18 20:51:34] Merging 1 fragment for files.
[2022-10-18 20:51:34] Merging 1 fragment for folders.
[2022-10-18 20:51:34] Merging 1 fragment for containerparent.
[2022-10-18 20:51:34] Merging 1 fragment for py_flags_versioned.
[2022-10-18 20:51:34] Merging 1 fragment for py_cobjects.
[2022-10-18 20:51:34] Merging 1 fragment for py_cobjecttypes.
[2022-10-18 20:51:34] Merging 1 fragment for py_cobject_sources.
[2022-10-18 20:51:34] Merging 1 fragment for py_cobjectnames.
[2022-10-18 20:51:34] Merging 1 fragment for py_cmembers_versioned.
[2022-10-18 20:51:34] Merging 1 fragment for py_special_objects.
[2022-10-18 20:51:34] Merging 1 fragment for py_citems.
[2022-10-18 20:51:34] Merging 1 fragment for ext_rettype.
[2022-10-18 20:51:34] Merging 1 fragment for ext_argtype.
[2022-10-18 20:51:34] Merging 1 fragment for ext_argreturn.
[2022-10-18 20:51:34] Merging 1 fragment for ext_proptype.
[2022-10-18 20:51:34] Merging 1 fragment for py_Modules.
[2022-10-18 20:51:34] Merging 1 fragment for py_module_path.
[2022-10-18 20:51:34] Merging 2 fragments for variable.
[2022-10-18 20:51:34] Merging 1 fragment for py_extracted_version.
[2022-10-18 20:51:34] Merging 1 fragment for py_stmt_lists.
[2022-10-18 20:51:34] Merging 1 fragment for py_stmts.
[2022-10-18 20:51:34] Merging 5 fragments for py_scopes.
[2022-10-18 20:51:34] Merging 1 fragment for py_alias_lists.
[2022-10-18 20:51:34] Merging 1 fragment for py_aliases.
[2022-10-18 20:51:34] Merging 4 fragments for py_exprs.
[2022-10-18 20:51:34] Merging 1 fragment for py_ints.
[2022-10-18 20:51:34] Merging 2 fragments for py_strs.
[2022-10-18 20:51:34] Merging 1 fragment for py_bools.
[2022-10-18 20:51:34] Merging 2 fragments for py_variables.
[2022-10-18 20:51:34] Merging 3 fragments for py_expr_contexts.
[2022-10-18 20:51:34] Merging 1 fragment for py_expr_lists.
[2022-10-18 20:51:34] Merging 1 fragment for py_StringPart_lists.
[2022-10-18 20:51:34] Merging 1 fragment for py_StringParts.
[2022-10-18 20:51:34] Merging 1 fragment for py_arguments.
[2022-10-18 20:51:34] Merging 1 fragment for py_Functions.
[2022-10-18 20:51:34] Merging 1 fragment for py_parameter_lists.
[2022-10-18 20:51:34] Merging 1 fragment for py_boolops.
[2022-10-18 20:51:34] Merging 1 fragment for py_numbers.
[2022-10-18 20:51:34] Merging 1 fragment for py_cmpop_lists.
[2022-10-18 20:51:34] Merging 1 fragment for py_cmpops.
[2022-10-18 20:51:34] Merging 1 fragment for py_unaryops.
[2022-10-18 20:51:34] Merging 1 fragment for py_operators.
[2022-10-18 20:51:34] Merging 1 fragment for py_dict_item_lists.
[2022-10-18 20:51:34] Merging 1 fragment for py_dict_items.
[2022-10-18 20:51:34] Merging 1 fragment for py_Classes.
[2022-10-18 20:51:34] Merging 1 fragment for py_exports.
[2022-10-18 20:51:34] Merging 5 fragments for py_flow_bb_node.
[2022-10-18 20:51:34] Merging 1 fragment for py_scope_flow.
[2022-10-18 20:51:34] Merging 5 fragments for py_successors.
[2022-10-18 20:51:34] Merging 1 fragment for py_true_successors.
[2022-10-18 20:51:34] Merging 1 fragment for py_false_successors.
[2022-10-18 20:51:34] Merging 1 fragment for py_exception_successors.
[2022-10-18 20:51:35] Merging 4 fragments for py_idoms.
[2022-10-18 20:51:35] Merging 1 fragment for py_ssa_var.
[2022-10-18 20:51:35] Merging 1 fragment for py_ssa_defn.
[2022-10-18 20:51:35] Merging 2 fragments for py_ssa_use.
[2022-10-18 20:51:35] Merging 1 fragment for py_ssa_phi.
[2022-10-18 20:51:35] Merging 5 fragments for locations_ast.
[2022-10-18 20:51:35] Merging 1 fragment for py_scope_location.
[2022-10-18 20:51:35] Merging 1 fragment for py_comments.
[2022-10-18 20:51:35] Merging 1 fragment for py_codelines.
[2022-10-18 20:51:35] Merging 1 fragment for py_commentlines.
[2022-10-18 20:51:35] Merging 1 fragment for py_docstringlines.
[2022-10-18 20:51:35] Merging 1 fragment for py_alllines.
[2022-10-18 20:51:35] Merging 1 fragment for numlines.
[2022-10-18 20:51:35] Merging 5 fragments for py_locations.
[2022-10-18 20:51:35] Merging 1 fragment for py_str_lists.
[2022-10-18 20:51:35] Merging 1 fragment for sourceLocationPrefix.
[2022-10-18 20:51:35] Saving string and id pools to disk.
[2022-10-18 20:51:35] Finished importing trap files.
[2022-10-18 20:51:35] Pausing evaluation to close the cache at sequence stamp o+3
[2022-10-18 20:51:35] The disk cache is freshly trimmed; leave it be.
[2022-10-18 20:51:35] Unpausing evaluation
[2022-10-18 20:51:35] Plumbing command codeql dataset import completed.
[2022-10-18 20:51:35] [PROGRESS] database finalize> TRAP import complete (3.4s).
[2022-10-18 20:51:35] Running plumbing command: codeql database cleanup --mode=normal -- /root/dev_compose/analysis/codeql/qldb/chaos-mesh-build
[2022-10-18 20:51:35] [PROGRESS] database cleanup> Cleaning up existing TRAP files after import...
[2022-10-18 20:51:35] [PROGRESS] database cleanup> TRAP files cleaned up (12ms).
[2022-10-18 20:51:35] [PROGRESS] database cleanup> Cleaning up scratch directory...
[2022-10-18 20:51:35] [PROGRESS] database cleanup> Scratch directory cleaned up (14ms).
[2022-10-18 20:51:35] Running plumbing command: codeql dataset cleanup --mode=normal -- /root/dev_compose/analysis/codeql/qldb/chaos-mesh-build/db-python
[2022-10-18 20:51:35] [PROGRESS] dataset cleanup> Cleaning up dataset in /root/dev_compose/analysis/codeql/qldb/chaos-mesh-build/db-python.
[2022-10-18 20:51:35] Trimming disk cache at /root/dev_compose/analysis/codeql/qldb/chaos-mesh-build/db-python/default/cache in mode normal.
[2022-10-18 20:51:35] Sequence stamp origin is -6398051739395381167
[2022-10-18 20:51:35] Pausing evaluation to zealously trim disk at sequence stamp o+0
[2022-10-18 20:51:35] Unpausing evaluation
[2022-10-18 20:51:35] Trimming completed (1ms): Trimmed disposable data from cache.
[2022-10-18 20:51:35] Pausing evaluation to close the cache at sequence stamp o+1
[2022-10-18 20:51:35] The disk cache is freshly trimmed; leave it be.
[2022-10-18 20:51:35] Unpausing evaluation
[2022-10-18 20:51:35] [PROGRESS] dataset cleanup> Trimmed disposable data from cache.
[2022-10-18 20:51:35] [PROGRESS] dataset cleanup> Finalizing dataset in /root/dev_compose/analysis/codeql/qldb/chaos-mesh-build/db-python
[2022-10-18 20:51:35] [DETAILS] dataset cleanup> Finished deleting ID pool from /root/dev_compose/analysis/codeql/qldb/chaos-mesh-build/db-python (1ms).
[2022-10-18 20:51:35] Plumbing command codeql dataset cleanup completed.
[2022-10-18 20:51:35] Plumbing command codeql database cleanup completed with status 0.
[2022-10-18 20:51:35] Plumbing command codeql database finalize completed.
[2022-10-18 20:51:35] [PROGRESS] database create> Successfully created database at /root/dev_compose/analysis/codeql/qldb/chaos-mesh-build.
[2022-10-18 20:51:35] Terminating normally.
